# JRE version: OpenJDK Runtime Environment Temurin-21.0.5+11 (21.0.5+11) (build 21.0.5+11-LTS)
# Java VM: OpenJDK 64-Bit Server VM Temurin-21.0.5+11 (21.0.5+11-LTS, mixed mode, sharing, tiered, compressed oops, compressed class ptrs, parallel gc, windows-amd64)
GC Precious Log:
 CardTable entry size: 512
 CPUs: 12 total, 12 available
 Memory: 6005M
 Large Page Support: Disabled
 NUMA Support: Disabled
 Compressed Oops: Enabled (32-bit)
 Alignments: Space 512K, Generation 512K, Heap 2M
 Heap Min Capacity: 100M
 Heap Initial Capacity: 100M
 Heap Max Capacity: 1G
 Pre-touch: Disabled
 Parallel Workers: 10
Heap:
 PSYoungGen      total 8704K, used 1494K [0x00000000eab00000, 0x00000000eb500000, 0x0000000100000000)
  eden space 7168K, 2% used [0x00000000eab00000,0x00000000eab32018,0x00000000eb200000)
  from space 1536K, 84% used [0x00000000eb380000,0x00000000eb4c39b8,0x00000000eb500000)
  to   space 1536K, 0% used [0x00000000eb200000,0x00000000eb200000,0x00000000eb380000)
 ParOldGen       total 118272K, used 118259K [0x00000000c0000000, 0x00000000c7380000, 0x00000000eab00000)
  object space 118272K, 99% used [0x00000000c0000000,0x00000000c737cc28,0x00000000c7380000)
 Metaspace       used 55459K, committed 56704K, reserved 1114112K
  class space    used 5799K, committed 6336K, reserved 1048576K
GC Heap History (20 events):
Event: 20.480 GC heap before
{Heap before GC invocations=56 (full 2):
 PSYoungGen      total 11264K, used 10971K [0x00000000eab00000, 0x00000000eb800000, 0x0000000100000000)
  eden space 9216K, 100% used [0x00000000eab00000,0x00000000eb400000,0x00000000eb400000)
  from space 2048K, 85% used [0x00000000eb400000,0x00000000eb5b6c20,0x00000000eb600000)
  to   space 2048K, 0% used [0x00000000eb600000,0x00000000eb600000,0x00000000eb800000)
 ParOldGen       total 103936K, used 103697K [0x00000000c0000000, 0x00000000c6580000, 0x00000000eab00000)
  object space 103936K, 99% used [0x00000000c0000000,0x00000000c65447d8,0x00000000c6580000)
 Metaspace       used 55193K, committed 56448K, reserved 1114112K
  class space    used 5782K, committed 6272K, reserved 1048576K
}
Event: 20.484 GC heap after
{Heap after GC invocations=56 (full 2):
 PSYoungGen      total 9216K, used 2039K [0x00000000eab00000, 0x00000000ebc00000, 0x0000000100000000)
  eden space 7168K, 0% used [0x00000000eab00000,0x00000000eab00000,0x00000000eb200000)
  from space 2048K, 99% used [0x00000000eb600000,0x00000000eb7fdfd0,0x00000000eb800000)
  to   space 4096K, 0% used [0x00000000eb200000,0x00000000eb200000,0x00000000eb600000)
 ParOldGen       total 105472K, used 105394K [0x00000000c0000000, 0x00000000c6700000, 0x00000000eab00000)
  object space 105472K, 99% used [0x00000000c0000000,0x00000000c66ec800,0x00000000c6700000)
 Metaspace       used 55193K, committed 56448K, reserved 1114112K
  class space    used 5782K, committed 6272K, reserved 1048576K
}
Event: 20.540 GC heap before
{Heap before GC invocations=57 (full 2):
 PSYoungGen      total 9216K, used 9207K [0x00000000eab00000, 0x00000000ebc00000, 0x0000000100000000)
  eden space 7168K, 100% used [0x00000000eab00000,0x00000000eb200000,0x00000000eb200000)
  from space 2048K, 99% used [0x00000000eb600000,0x00000000eb7fdfd0,0x00000000eb800000)
  to   space 4096K, 0% used [0x00000000eb200000,0x00000000eb200000,0x00000000eb600000)
 ParOldGen       total 105472K, used 105394K [0x00000000c0000000, 0x00000000c6700000, 0x00000000eab00000)
  object space 105472K, 99% used [0x00000000c0000000,0x00000000c66ec800,0x00000000c6700000)
 Metaspace       used 55224K, committed 56448K, reserved 1114112K
  class space    used 5784K, committed 6272K, reserved 1048576K
}
Event: 20.546 GC heap after
{Heap after GC invocations=57 (full 2):
 PSYoungGen      total 8704K, used 1454K [0x00000000eab00000, 0x00000000eb700000, 0x0000000100000000)
  eden space 7168K, 0% used [0x00000000eab00000,0x00000000eab00000,0x00000000eb200000)
  from space 1536K, 94% used [0x00000000eb200000,0x00000000eb36bb40,0x00000000eb380000)
  to   space 2560K, 0% used [0x00000000eb480000,0x00000000eb480000,0x00000000eb700000)
 ParOldGen       total 107520K, used 107421K [0x00000000c0000000, 0x00000000c6900000, 0x00000000eab00000)
  object space 107520K, 99% used [0x00000000c0000000,0x00000000c68e7510,0x00000000c6900000)
 Metaspace       used 55224K, committed 56448K, reserved 1114112K
  class space    used 5784K, committed 6272K, reserved 1048576K
}
Event: 20.596 GC heap before
{Heap before GC invocations=58 (full 2):
 PSYoungGen      total 8704K, used 8614K [0x00000000eab00000, 0x00000000eb700000, 0x0000000100000000)
  eden space 7168K, 99% used [0x00000000eab00000,0x00000000eb1fde20,0x00000000eb200000)
  from space 1536K, 94% used [0x00000000eb200000,0x00000000eb36bb40,0x00000000eb380000)
  to   space 2560K, 0% used [0x00000000eb480000,0x00000000eb480000,0x00000000eb700000)
 ParOldGen       total 107520K, used 107421K [0x00000000c0000000, 0x00000000c6900000, 0x00000000eab00000)
  object space 107520K, 99% used [0x00000000c0000000,0x00000000c68e7510,0x00000000c6900000)
 Metaspace       used 55243K, committed 56512K, reserved 1114112K
  class space    used 5784K, committed 6272K, reserved 1048576K
}
Event: 20.601 GC heap after
{Heap after GC invocations=58 (full 2):
 PSYoungGen      total 8704K, used 1282K [0x00000000eab00000, 0x00000000eb600000, 0x0000000100000000)
  eden space 7168K, 0% used [0x00000000eab00000,0x00000000eab00000,0x00000000eb200000)
  from space 1536K, 83% used [0x00000000eb480000,0x00000000eb5c0b08,0x00000000eb600000)
  to   space 1536K, 0% used [0x00000000eb200000,0x00000000eb200000,0x00000000eb380000)
 ParOldGen       total 109056K, used 108749K [0x00000000c0000000, 0x00000000c6a80000, 0x00000000eab00000)
  object space 109056K, 99% used [0x00000000c0000000,0x00000000c6a33528,0x00000000c6a80000)
 Metaspace       used 55243K, committed 56512K, reserved 1114112K
  class space    used 5784K, committed 6272K, reserved 1048576K
}
Event: 20.660 GC heap before
{Heap before GC invocations=59 (full 2):
 PSYoungGen      total 8704K, used 8450K [0x00000000eab00000, 0x00000000eb600000, 0x0000000100000000)
  eden space 7168K, 100% used [0x00000000eab00000,0x00000000eb200000,0x00000000eb200000)
  from space 1536K, 83% used [0x00000000eb480000,0x00000000eb5c0b08,0x00000000eb600000)
  to   space 1536K, 0% used [0x00000000eb200000,0x00000000eb200000,0x00000000eb380000)
 ParOldGen       total 109056K, used 108749K [0x00000000c0000000, 0x00000000c6a80000, 0x00000000eab00000)
  object space 109056K, 99% used [0x00000000c0000000,0x00000000c6a33528,0x00000000c6a80000)
 Metaspace       used 55266K, committed 56576K, reserved 1114112K
  class space    used 5788K, committed 6336K, reserved 1048576K
}
Event: 20.665 GC heap after
{Heap after GC invocations=59 (full 2):
 PSYoungGen      total 8704K, used 1316K [0x00000000eab00000, 0x00000000eb500000, 0x0000000100000000)
  eden space 7168K, 0% used [0x00000000eab00000,0x00000000eab00000,0x00000000eb200000)
  from space 1536K, 85% used [0x00000000eb200000,0x00000000eb3490c0,0x00000000eb380000)
  to   space 1536K, 0% used [0x00000000eb380000,0x00000000eb380000,0x00000000eb500000)
 ParOldGen       total 110080K, used 109934K [0x00000000c0000000, 0x00000000c6b80000, 0x00000000eab00000)
  object space 110080K, 99% used [0x00000000c0000000,0x00000000c6b5b8d8,0x00000000c6b80000)
 Metaspace       used 55266K, committed 56576K, reserved 1114112K
  class space    used 5788K, committed 6336K, reserved 1048576K
}
Event: 20.707 GC heap before
{Heap before GC invocations=60 (full 2):
 PSYoungGen      total 8704K, used 8484K [0x00000000eab00000, 0x00000000eb500000, 0x0000000100000000)
  eden space 7168K, 100% used [0x00000000eab00000,0x00000000eb200000,0x00000000eb200000)
  from space 1536K, 85% used [0x00000000eb200000,0x00000000eb3490c0,0x00000000eb380000)
  to   space 1536K, 0% used [0x00000000eb380000,0x00000000eb380000,0x00000000eb500000)
 ParOldGen       total 110080K, used 109934K [0x00000000c0000000, 0x00000000c6b80000, 0x00000000eab00000)
  object space 110080K, 99% used [0x00000000c0000000,0x00000000c6b5b8d8,0x00000000c6b80000)
 Metaspace       used 55293K, committed 56576K, reserved 1114112K
  class space    used 5788K, committed 6336K, reserved 1048576K
}
Event: 20.710 GC heap after
{Heap after GC invocations=60 (full 2):
 PSYoungGen      total 8704K, used 1407K [0x00000000eab00000, 0x00000000eb500000, 0x0000000100000000)
  eden space 7168K, 0% used [0x00000000eab00000,0x00000000eab00000,0x00000000eb200000)
  from space 1536K, 91% used [0x00000000eb380000,0x00000000eb4dfc50,0x00000000eb500000)
  to   space 1536K, 0% used [0x00000000eb200000,0x00000000eb200000,0x00000000eb380000)
 ParOldGen       total 111616K, used 111145K [0x00000000c0000000, 0x00000000c6d00000, 0x00000000eab00000)
  object space 111616K, 99% used [0x00000000c0000000,0x00000000c6c8a598,0x00000000c6d00000)
 Metaspace       used 55293K, committed 56576K, reserved 1114112K
  class space    used 5788K, committed 6336K, reserved 1048576K
}
Event: 20.763 GC heap before
{Heap before GC invocations=61 (full 2):
 PSYoungGen      total 8704K, used 8575K [0x00000000eab00000, 0x00000000eb500000, 0x0000000100000000)
  eden space 7168K, 100% used [0x00000000eab00000,0x00000000eb200000,0x00000000eb200000)
  from space 1536K, 91% used [0x00000000eb380000,0x00000000eb4dfc50,0x00000000eb500000)
  to   space 1536K, 0% used [0x00000000eb200000,0x00000000eb200000,0x00000000eb380000)
 ParOldGen       total 111616K, used 111145K [0x00000000c0000000, 0x00000000c6d00000, 0x00000000eab00000)
  object space 111616K, 99% used [0x00000000c0000000,0x00000000c6c8a598,0x00000000c6d00000)
 Metaspace       used 55315K, committed 56576K, reserved 1114112K
  class space    used 5790K, committed 6336K, reserved 1048576K
}
Event: 20.766 GC heap after
{Heap after GC invocations=61 (full 2):
 PSYoungGen      total 8704K, used 1248K [0x00000000eab00000, 0x00000000eb500000, 0x0000000100000000)
  eden space 7168K, 0% used [0x00000000eab00000,0x00000000eab00000,0x00000000eb200000)
  from space 1536K, 81% used [0x00000000eb200000,0x00000000eb338000,0x00000000eb380000)
  to   space 1536K, 0% used [0x00000000eb380000,0x00000000eb380000,0x00000000eb500000)
 ParOldGen       total 112640K, used 112334K [0x00000000c0000000, 0x00000000c6e00000, 0x00000000eab00000)
  object space 112640K, 99% used [0x00000000c0000000,0x00000000c6db3818,0x00000000c6e00000)
 Metaspace       used 55315K, committed 56576K, reserved 1114112K
  class space    used 5790K, committed 6336K, reserved 1048576K
}
Event: 20.810 GC heap before
{Heap before GC invocations=62 (full 2):
 PSYoungGen      total 8704K, used 8416K [0x00000000eab00000, 0x00000000eb500000, 0x0000000100000000)
  eden space 7168K, 100% used [0x00000000eab00000,0x00000000eb200000,0x00000000eb200000)
  from space 1536K, 81% used [0x00000000eb200000,0x00000000eb338000,0x00000000eb380000)
  to   space 1536K, 0% used [0x00000000eb380000,0x00000000eb380000,0x00000000eb500000)
 ParOldGen       total 112640K, used 112334K [0x00000000c0000000, 0x00000000c6e00000, 0x00000000eab00000)
  object space 112640K, 99% used [0x00000000c0000000,0x00000000c6db3818,0x00000000c6e00000)
 Metaspace       used 55334K, committed 56640K, reserved 1114112K
  class space    used 5790K, committed 6336K, reserved 1048576K
}
Event: 20.813 GC heap after
{Heap after GC invocations=62 (full 2):
 PSYoungGen      total 8704K, used 1358K [0x00000000eab00000, 0x00000000eb500000, 0x0000000100000000)
  eden space 7168K, 0% used [0x00000000eab00000,0x00000000eab00000,0x00000000eb200000)
  from space 1536K, 88% used [0x00000000eb380000,0x00000000eb4d3920,0x00000000eb500000)
  to   space 1536K, 0% used [0x00000000eb200000,0x00000000eb200000,0x00000000eb380000)
 ParOldGen       total 113664K, used 113450K [0x00000000c0000000, 0x00000000c6f00000, 0x00000000eab00000)
  object space 113664K, 99% used [0x00000000c0000000,0x00000000c6eca9d8,0x00000000c6f00000)
 Metaspace       used 55334K, committed 56640K, reserved 1114112K
  class space    used 5790K, committed 6336K, reserved 1048576K
}
Event: 20.863 GC heap before
{Heap before GC invocations=63 (full 2):
 PSYoungGen      total 8704K, used 8526K [0x00000000eab00000, 0x00000000eb500000, 0x0000000100000000)
  eden space 7168K, 100% used [0x00000000eab00000,0x00000000eb200000,0x00000000eb200000)
  from space 1536K, 88% used [0x00000000eb380000,0x00000000eb4d3920,0x00000000eb500000)
  to   space 1536K, 0% used [0x00000000eb200000,0x00000000eb200000,0x00000000eb380000)
 ParOldGen       total 113664K, used 113450K [0x00000000c0000000, 0x00000000c6f00000, 0x00000000eab00000)
  object space 113664K, 99% used [0x00000000c0000000,0x00000000c6eca9d8,0x00000000c6f00000)
 Metaspace       used 55350K, committed 56640K, reserved 1114112K
  class space    used 5790K, committed 6336K, reserved 1048576K
}
Event: 20.866 GC heap after
{Heap after GC invocations=63 (full 2):
 PSYoungGen      total 8704K, used 1440K [0x00000000eab00000, 0x00000000eb500000, 0x0000000100000000)
  eden space 7168K, 0% used [0x00000000eab00000,0x00000000eab00000,0x00000000eb200000)
  from space 1536K, 93% used [0x00000000eb200000,0x00000000eb368000,0x00000000eb380000)
  to   space 1536K, 0% used [0x00000000eb380000,0x00000000eb380000,0x00000000eb500000)
 ParOldGen       total 114688K, used 114672K [0x00000000c0000000, 0x00000000c7000000, 0x00000000eab00000)
  object space 114688K, 99% used [0x00000000c0000000,0x00000000c6ffc0d0,0x00000000c7000000)
 Metaspace       used 55350K, committed 56640K, reserved 1114112K
  class space    used 5790K, committed 6336K, reserved 1048576K
}
Event: 20.911 GC heap before
{Heap before GC invocations=64 (full 2):
 PSYoungGen      total 8704K, used 8608K [0x00000000eab00000, 0x00000000eb500000, 0x0000000100000000)
  eden space 7168K, 100% used [0x00000000eab00000,0x00000000eb200000,0x00000000eb200000)
  from space 1536K, 93% used [0x00000000eb200000,0x00000000eb368000,0x00000000eb380000)
  to   space 1536K, 0% used [0x00000000eb380000,0x00000000eb380000,0x00000000eb500000)
 ParOldGen       total 114688K, used 114672K [0x00000000c0000000, 0x00000000c7000000, 0x00000000eab00000)
  object space 114688K, 99% used [0x00000000c0000000,0x00000000c6ffc0d0,0x00000000c7000000)
 Metaspace       used 55375K, committed 56640K, reserved 1114112K
  class space    used 5791K, committed 6336K, reserved 1048576K
}
Event: 20.915 GC heap after
{Heap after GC invocations=64 (full 2):
 PSYoungGen      total 8704K, used 1383K [0x00000000eab00000, 0x00000000eb500000, 0x0000000100000000)
  eden space 7168K, 0% used [0x00000000eab00000,0x00000000eab00000,0x00000000eb200000)
  from space 1536K, 90% used [0x00000000eb380000,0x00000000eb4d9fd8,0x00000000eb500000)
  to   space 1536K, 0% used [0x00000000eb200000,0x00000000eb200000,0x00000000eb380000)
 ParOldGen       total 116224K, used 115969K [0x00000000c0000000, 0x00000000c7180000, 0x00000000eab00000)
  object space 116224K, 99% used [0x00000000c0000000,0x00000000c7140768,0x00000000c7180000)
 Metaspace       used 55375K, committed 56640K, reserved 1114112K
  class space    used 5791K, committed 6336K, reserved 1048576K
}
Event: 20.959 GC heap before
{Heap before GC invocations=65 (full 2):
 PSYoungGen      total 8704K, used 8551K [0x00000000eab00000, 0x00000000eb500000, 0x0000000100000000)
  eden space 7168K, 100% used [0x00000000eab00000,0x00000000eb200000,0x00000000eb200000)
  from space 1536K, 90% used [0x00000000eb380000,0x00000000eb4d9fd8,0x00000000eb500000)
  to   space 1536K, 0% used [0x00000000eb200000,0x00000000eb200000,0x00000000eb380000)
 ParOldGen       total 116224K, used 115969K [0x00000000c0000000, 0x00000000c7180000, 0x00000000eab00000)
  object space 116224K, 99% used [0x00000000c0000000,0x00000000c7140768,0x00000000c7180000)
 Metaspace       used 55397K, committed 56640K, reserved 1114112K
  class space    used 5792K, committed 6336K, reserved 1048576K
}
Event: 20.963 GC heap after
{Heap after GC invocations=65 (full 2):
 PSYoungGen      total 8704K, used 1282K [0x00000000eab00000, 0x00000000eb500000, 0x0000000100000000)
  eden space 7168K, 0% used [0x00000000eab00000,0x00000000eab00000,0x00000000eb200000)
  from space 1536K, 83% used [0x00000000eb200000,0x00000000eb340bc8,0x00000000eb380000)
  to   space 1536K, 0% used [0x00000000eb380000,0x00000000eb380000,0x00000000eb500000)
 ParOldGen       total 117248K, used 117160K [0x00000000c0000000, 0x00000000c7280000, 0x00000000eab00000)
  object space 117248K, 99% used [0x00000000c0000000,0x00000000c726a120,0x00000000c7280000)
 Metaspace       used 55397K, committed 56640K, reserved 1114112K
  class space    used 5792K, committed 6336K, reserved 1048576K
}

