# JRE version: OpenJDK Runtime Environment Temurin-21.0.5+11 (21.0.5+11) (build 21.0.5+11-LTS)
# Java VM: OpenJDK 64-Bit Server VM Temurin-21.0.5+11 (21.0.5+11-LTS, mixed mode, sharing, tiered, compressed oops, compressed class ptrs, parallel gc, windows-amd64)
GC Precious Log:
 CardTable entry size: 512
 CPUs: 12 total, 12 available
 Memory: 6005M
 Large Page Support: Disabled
 NUMA Support: Disabled
 Compressed Oops: Enabled (32-bit)
 Alignments: Space 512K, Generation 512K, Heap 2M
 Heap Min Capacity: 100M
 Heap Initial Capacity: 100M
 Heap Max Capacity: 1G
 Pre-touch: Disabled
 Parallel Workers: 10
Heap:
 PSYoungGen      total 14336K, used 11689K [0x00000000eab00000, 0x00000000ec300000, 0x0000000100000000)
  eden space 11776K, 77% used [0x00000000eab00000,0x00000000eb3f15e8,0x00000000eb680000)
  from space 2560K, 98% used [0x00000000ebb80000,0x00000000ebdf8f78,0x00000000ebe00000)
  to   space 5120K, 0% used [0x00000000eb680000,0x00000000eb680000,0x00000000ebb80000)
 ParOldGen       total 107008K, used 106854K [0x00000000c0000000, 0x00000000c6880000, 0x00000000eab00000)
  object space 107008K, 99% used [0x00000000c0000000,0x00000000c6859b90,0x00000000c6880000)
 Metaspace       used 55591K, committed 56832K, reserved 1114112K
  class space    used 5797K, committed 6272K, reserved 1048576K
GC Heap History (20 events):
Event: 18.864 GC heap before
{Heap before GC invocations=43 (full 2):
 PSYoungGen      total 16384K, used 15931K [0x00000000eab00000, 0x00000000ec080000, 0x0000000100000000)
  eden space 14336K, 99% used [0x00000000eab00000,0x00000000eb8f0f30,0x00000000eb900000)
  from space 2048K, 80% used [0x00000000ebe80000,0x00000000ec01dd68,0x00000000ec080000)
  to   space 2560K, 0% used [0x00000000ebb80000,0x00000000ebb80000,0x00000000ebe00000)
 ParOldGen       total 90112K, used 89923K [0x00000000c0000000, 0x00000000c5800000, 0x00000000eab00000)
  object space 90112K, 99% used [0x00000000c0000000,0x00000000c57d0ec8,0x00000000c5800000)
 Metaspace       used 53160K, committed 54400K, reserved 1114112K
  class space    used 5620K, committed 6080K, reserved 1048576K
}
Event: 18.868 GC heap after
{Heap after GC invocations=43 (full 2):
 PSYoungGen      total 15360K, used 750K [0x00000000eab00000, 0x00000000ebf00000, 0x0000000100000000)
  eden space 14336K, 0% used [0x00000000eab00000,0x00000000eab00000,0x00000000eb900000)
  from space 1024K, 73% used [0x00000000ebb80000,0x00000000ebc3bb08,0x00000000ebc80000)
  to   space 1536K, 0% used [0x00000000ebd80000,0x00000000ebd80000,0x00000000ebf00000)
 ParOldGen       total 91136K, used 90712K [0x00000000c0000000, 0x00000000c5900000, 0x00000000eab00000)
  object space 91136K, 99% used [0x00000000c0000000,0x00000000c58961e8,0x00000000c5900000)
 Metaspace       used 53160K, committed 54400K, reserved 1114112K
  class space    used 5620K, committed 6080K, reserved 1048576K
}
Event: 19.056 GC heap before
{Heap before GC invocations=44 (full 2):
 PSYoungGen      total 15360K, used 15086K [0x00000000eab00000, 0x00000000ebf00000, 0x0000000100000000)
  eden space 14336K, 100% used [0x00000000eab00000,0x00000000eb900000,0x00000000eb900000)
  from space 1024K, 73% used [0x00000000ebb80000,0x00000000ebc3bb08,0x00000000ebc80000)
  to   space 1536K, 0% used [0x00000000ebd80000,0x00000000ebd80000,0x00000000ebf00000)
 ParOldGen       total 91136K, used 90712K [0x00000000c0000000, 0x00000000c5900000, 0x00000000eab00000)
  object space 91136K, 99% used [0x00000000c0000000,0x00000000c58961e8,0x00000000c5900000)
 Metaspace       used 53813K, committed 55040K, reserved 1114112K
  class space    used 5680K, committed 6144K, reserved 1048576K
}
Event: 19.059 GC heap after
{Heap after GC invocations=44 (full 2):
 PSYoungGen      total 15360K, used 956K [0x00000000eab00000, 0x00000000ebe80000, 0x0000000100000000)
  eden space 14336K, 0% used [0x00000000eab00000,0x00000000eab00000,0x00000000eb900000)
  from space 1024K, 93% used [0x00000000ebd80000,0x00000000ebe6f270,0x00000000ebe80000)
  to   space 1024K, 0% used [0x00000000ebb80000,0x00000000ebb80000,0x00000000ebc80000)
 ParOldGen       total 91648K, used 91165K [0x00000000c0000000, 0x00000000c5980000, 0x00000000eab00000)
  object space 91648K, 99% used [0x00000000c0000000,0x00000000c59075f8,0x00000000c5980000)
 Metaspace       used 53813K, committed 55040K, reserved 1114112K
  class space    used 5680K, committed 6144K, reserved 1048576K
}
Event: 19.661 GC heap before
{Heap before GC invocations=45 (full 2):
 PSYoungGen      total 15360K, used 15292K [0x00000000eab00000, 0x00000000ebe80000, 0x0000000100000000)
  eden space 14336K, 100% used [0x00000000eab00000,0x00000000eb900000,0x00000000eb900000)
  from space 1024K, 93% used [0x00000000ebd80000,0x00000000ebe6f270,0x00000000ebe80000)
  to   space 1024K, 0% used [0x00000000ebb80000,0x00000000ebb80000,0x00000000ebc80000)
 ParOldGen       total 91648K, used 91165K [0x00000000c0000000, 0x00000000c5980000, 0x00000000eab00000)
  object space 91648K, 99% used [0x00000000c0000000,0x00000000c59075f8,0x00000000c5980000)
 Metaspace       used 54960K, committed 56256K, reserved 1114112K
  class space    used 5754K, committed 6208K, reserved 1048576K
}
Event: 19.666 GC heap after
{Heap after GC invocations=45 (full 2):
 PSYoungGen      total 15360K, used 1021K [0x00000000eab00000, 0x00000000ec000000, 0x0000000100000000)
  eden space 14336K, 0% used [0x00000000eab00000,0x00000000eab00000,0x00000000eb900000)
  from space 1024K, 99% used [0x00000000ebb80000,0x00000000ebc7f738,0x00000000ebc80000)
  to   space 3584K, 0% used [0x00000000ebc80000,0x00000000ebc80000,0x00000000ec000000)
 ParOldGen       total 93184K, used 93090K [0x00000000c0000000, 0x00000000c5b00000, 0x00000000eab00000)
  object space 93184K, 99% used [0x00000000c0000000,0x00000000c5ae8840,0x00000000c5b00000)
 Metaspace       used 54960K, committed 56256K, reserved 1114112K
  class space    used 5754K, committed 6208K, reserved 1048576K
}
Event: 19.941 GC heap before
{Heap before GC invocations=46 (full 2):
 PSYoungGen      total 15360K, used 15357K [0x00000000eab00000, 0x00000000ec000000, 0x0000000100000000)
  eden space 14336K, 100% used [0x00000000eab00000,0x00000000eb900000,0x00000000eb900000)
  from space 1024K, 99% used [0x00000000ebb80000,0x00000000ebc7f738,0x00000000ebc80000)
  to   space 3584K, 0% used [0x00000000ebc80000,0x00000000ebc80000,0x00000000ec000000)
 ParOldGen       total 93184K, used 93090K [0x00000000c0000000, 0x00000000c5b00000, 0x00000000eab00000)
  object space 93184K, 99% used [0x00000000c0000000,0x00000000c5ae8840,0x00000000c5b00000)
 Metaspace       used 55176K, committed 56448K, reserved 1114112K
  class space    used 5778K, committed 6272K, reserved 1048576K
}
Event: 19.945 GC heap after
{Heap after GC invocations=46 (full 2):
 PSYoungGen      total 16896K, used 2395K [0x00000000eab00000, 0x00000000ebf00000, 0x0000000100000000)
  eden space 14336K, 0% used [0x00000000eab00000,0x00000000eab00000,0x00000000eb900000)
  from space 2560K, 93% used [0x00000000ebc80000,0x00000000ebed6fb0,0x00000000ebf00000)
  to   space 3072K, 0% used [0x00000000eb900000,0x00000000eb900000,0x00000000ebc00000)
 ParOldGen       total 94208K, used 94149K [0x00000000c0000000, 0x00000000c5c00000, 0x00000000eab00000)
  object space 94208K, 99% used [0x00000000c0000000,0x00000000c5bf1520,0x00000000c5c00000)
 Metaspace       used 55176K, committed 56448K, reserved 1114112K
  class space    used 5778K, committed 6272K, reserved 1048576K
}
Event: 20.172 GC heap before
{Heap before GC invocations=47 (full 2):
 PSYoungGen      total 16896K, used 16731K [0x00000000eab00000, 0x00000000ebf00000, 0x0000000100000000)
  eden space 14336K, 100% used [0x00000000eab00000,0x00000000eb900000,0x00000000eb900000)
  from space 2560K, 93% used [0x00000000ebc80000,0x00000000ebed6fb0,0x00000000ebf00000)
  to   space 3072K, 0% used [0x00000000eb900000,0x00000000eb900000,0x00000000ebc00000)
 ParOldGen       total 94208K, used 94149K [0x00000000c0000000, 0x00000000c5c00000, 0x00000000eab00000)
  object space 94208K, 99% used [0x00000000c0000000,0x00000000c5bf1520,0x00000000c5c00000)
 Metaspace       used 55271K, committed 56512K, reserved 1114112K
  class space    used 5782K, committed 6272K, reserved 1048576K
}
Event: 20.178 GC heap after
{Heap after GC invocations=47 (full 2):
 PSYoungGen      total 16896K, used 2285K [0x00000000eab00000, 0x00000000ebe00000, 0x0000000100000000)
  eden space 14336K, 0% used [0x00000000eab00000,0x00000000eab00000,0x00000000eb900000)
  from space 2560K, 89% used [0x00000000eb900000,0x00000000ebb3b4f8,0x00000000ebb80000)
  to   space 2560K, 0% used [0x00000000ebb80000,0x00000000ebb80000,0x00000000ebe00000)
 ParOldGen       total 96768K, used 96377K [0x00000000c0000000, 0x00000000c5e80000, 0x00000000eab00000)
  object space 96768K, 99% used [0x00000000c0000000,0x00000000c5e1e5e8,0x00000000c5e80000)
 Metaspace       used 55271K, committed 56512K, reserved 1114112K
  class space    used 5782K, committed 6272K, reserved 1048576K
}
Event: 20.359 GC heap before
{Heap before GC invocations=48 (full 2):
 PSYoungGen      total 16896K, used 16621K [0x00000000eab00000, 0x00000000ebe00000, 0x0000000100000000)
  eden space 14336K, 100% used [0x00000000eab00000,0x00000000eb900000,0x00000000eb900000)
  from space 2560K, 89% used [0x00000000eb900000,0x00000000ebb3b4f8,0x00000000ebb80000)
  to   space 2560K, 0% used [0x00000000ebb80000,0x00000000ebb80000,0x00000000ebe00000)
 ParOldGen       total 96768K, used 96377K [0x00000000c0000000, 0x00000000c5e80000, 0x00000000eab00000)
  object space 96768K, 99% used [0x00000000c0000000,0x00000000c5e1e5e8,0x00000000c5e80000)
 Metaspace       used 55350K, committed 56576K, reserved 1114112K
  class space    used 5786K, committed 6272K, reserved 1048576K
}
Event: 20.363 GC heap after
{Heap after GC invocations=48 (full 2):
 PSYoungGen      total 16896K, used 2241K [0x00000000eab00000, 0x00000000ebe00000, 0x0000000100000000)
  eden space 14336K, 0% used [0x00000000eab00000,0x00000000eab00000,0x00000000eb900000)
  from space 2560K, 87% used [0x00000000ebb80000,0x00000000ebdb0790,0x00000000ebe00000)
  to   space 2560K, 0% used [0x00000000eb900000,0x00000000eb900000,0x00000000ebb80000)
 ParOldGen       total 98816K, used 98433K [0x00000000c0000000, 0x00000000c6080000, 0x00000000eab00000)
  object space 98816K, 99% used [0x00000000c0000000,0x00000000c6020610,0x00000000c6080000)
 Metaspace       used 55350K, committed 56576K, reserved 1114112K
  class space    used 5786K, committed 6272K, reserved 1048576K
}
Event: 20.475 GC heap before
{Heap before GC invocations=49 (full 2):
 PSYoungGen      total 16896K, used 16577K [0x00000000eab00000, 0x00000000ebe00000, 0x0000000100000000)
  eden space 14336K, 100% used [0x00000000eab00000,0x00000000eb900000,0x00000000eb900000)
  from space 2560K, 87% used [0x00000000ebb80000,0x00000000ebdb0790,0x00000000ebe00000)
  to   space 2560K, 0% used [0x00000000eb900000,0x00000000eb900000,0x00000000ebb80000)
 ParOldGen       total 98816K, used 98433K [0x00000000c0000000, 0x00000000c6080000, 0x00000000eab00000)
  object space 98816K, 99% used [0x00000000c0000000,0x00000000c6020610,0x00000000c6080000)
 Metaspace       used 55405K, committed 56640K, reserved 1114112K
  class space    used 5792K, committed 6272K, reserved 1048576K
}
Event: 20.481 GC heap after
{Heap after GC invocations=49 (full 2):
 PSYoungGen      total 16896K, used 2240K [0x00000000eab00000, 0x00000000ebe00000, 0x0000000100000000)
  eden space 14336K, 0% used [0x00000000eab00000,0x00000000eab00000,0x00000000eb900000)
  from space 2560K, 87% used [0x00000000eb900000,0x00000000ebb301a8,0x00000000ebb80000)
  to   space 2560K, 0% used [0x00000000ebb80000,0x00000000ebb80000,0x00000000ebe00000)
 ParOldGen       total 100864K, used 100516K [0x00000000c0000000, 0x00000000c6280000, 0x00000000eab00000)
  object space 100864K, 99% used [0x00000000c0000000,0x00000000c62292c0,0x00000000c6280000)
 Metaspace       used 55405K, committed 56640K, reserved 1114112K
  class space    used 5792K, committed 6272K, reserved 1048576K
}
Event: 20.606 GC heap before
{Heap before GC invocations=50 (full 2):
 PSYoungGen      total 16896K, used 16576K [0x00000000eab00000, 0x00000000ebe00000, 0x0000000100000000)
  eden space 14336K, 100% used [0x00000000eab00000,0x00000000eb900000,0x00000000eb900000)
  from space 2560K, 87% used [0x00000000eb900000,0x00000000ebb301a8,0x00000000ebb80000)
  to   space 2560K, 0% used [0x00000000ebb80000,0x00000000ebb80000,0x00000000ebe00000)
 ParOldGen       total 100864K, used 100516K [0x00000000c0000000, 0x00000000c6280000, 0x00000000eab00000)
  object space 100864K, 99% used [0x00000000c0000000,0x00000000c62292c0,0x00000000c6280000)
 Metaspace       used 55470K, committed 56704K, reserved 1114112K
  class space    used 5796K, committed 6272K, reserved 1048576K
}
Event: 20.610 GC heap after
{Heap after GC invocations=50 (full 2):
 PSYoungGen      total 16896K, used 2304K [0x00000000eab00000, 0x00000000ebe00000, 0x0000000100000000)
  eden space 14336K, 0% used [0x00000000eab00000,0x00000000eab00000,0x00000000eb900000)
  from space 2560K, 90% used [0x00000000ebb80000,0x00000000ebdc00b0,0x00000000ebe00000)
  to   space 2560K, 0% used [0x00000000eb900000,0x00000000eb900000,0x00000000ebb80000)
 ParOldGen       total 102912K, used 102618K [0x00000000c0000000, 0x00000000c6480000, 0x00000000eab00000)
  object space 102912K, 99% used [0x00000000c0000000,0x00000000c6436920,0x00000000c6480000)
 Metaspace       used 55470K, committed 56704K, reserved 1114112K
  class space    used 5796K, committed 6272K, reserved 1048576K
}
Event: 20.774 GC heap before
{Heap before GC invocations=51 (full 2):
 PSYoungGen      total 16896K, used 16640K [0x00000000eab00000, 0x00000000ebe00000, 0x0000000100000000)
  eden space 14336K, 100% used [0x00000000eab00000,0x00000000eb900000,0x00000000eb900000)
  from space 2560K, 90% used [0x00000000ebb80000,0x00000000ebdc00b0,0x00000000ebe00000)
  to   space 2560K, 0% used [0x00000000eb900000,0x00000000eb900000,0x00000000ebb80000)
 ParOldGen       total 102912K, used 102618K [0x00000000c0000000, 0x00000000c6480000, 0x00000000eab00000)
  object space 102912K, 99% used [0x00000000c0000000,0x00000000c6436920,0x00000000c6480000)
 Metaspace       used 55528K, committed 56832K, reserved 1114112K
  class space    used 5797K, committed 6272K, reserved 1048576K
}
Event: 20.779 GC heap after
{Heap after GC invocations=51 (full 2):
 PSYoungGen      total 16896K, used 2200K [0x00000000eab00000, 0x00000000ebe00000, 0x0000000100000000)
  eden space 14336K, 0% used [0x00000000eab00000,0x00000000eab00000,0x00000000eb900000)
  from space 2560K, 85% used [0x00000000eb900000,0x00000000ebb26318,0x00000000ebb80000)
  to   space 2560K, 0% used [0x00000000ebb80000,0x00000000ebb80000,0x00000000ebe00000)
 ParOldGen       total 104960K, used 104780K [0x00000000c0000000, 0x00000000c6680000, 0x00000000eab00000)
  object space 104960K, 99% used [0x00000000c0000000,0x00000000c66530a0,0x00000000c6680000)
 Metaspace       used 55528K, committed 56832K, reserved 1114112K
  class space    used 5797K, committed 6272K, reserved 1048576K
}
Event: 20.907 GC heap before
{Heap before GC invocations=52 (full 2):
 PSYoungGen      total 16896K, used 16536K [0x00000000eab00000, 0x00000000ebe00000, 0x0000000100000000)
  eden space 14336K, 100% used [0x00000000eab00000,0x00000000eb900000,0x00000000eb900000)
  from space 2560K, 85% used [0x00000000eb900000,0x00000000ebb26318,0x00000000ebb80000)
  to   space 2560K, 0% used [0x00000000ebb80000,0x00000000ebb80000,0x00000000ebe00000)
 ParOldGen       total 104960K, used 104780K [0x00000000c0000000, 0x00000000c6680000, 0x00000000eab00000)
  object space 104960K, 99% used [0x00000000c0000000,0x00000000c66530a0,0x00000000c6680000)
 Metaspace       used 55554K, committed 56832K, reserved 1114112K
  class space    used 5797K, committed 6272K, reserved 1048576K
}
Event: 20.912 GC heap after
{Heap after GC invocations=52 (full 2):
 PSYoungGen      total 14336K, used 2531K [0x00000000eab00000, 0x00000000ec300000, 0x0000000100000000)
  eden space 11776K, 0% used [0x00000000eab00000,0x00000000eab00000,0x00000000eb680000)
  from space 2560K, 98% used [0x00000000ebb80000,0x00000000ebdf8f78,0x00000000ebe00000)
  to   space 5120K, 0% used [0x00000000eb680000,0x00000000eb680000,0x00000000ebb80000)
 ParOldGen       total 107008K, used 106854K [0x00000000c0000000, 0x00000000c6880000, 0x00000000eab00000)
  object space 107008K, 99% used [0x00000000c0000000,0x00000000c6859b90,0x00000000c6880000)
 Metaspace       used 55554K, committed 56832K, reserved 1114112K
  class space    used 5797K, committed 6272K, reserved 1048576K
}

