# JRE version: Java(TM) SE Runtime Environment (21.0.4+8) (build 21.0.4+8-LTS-274)
# Java VM: Java HotSpot(TM) 64-Bit Server VM (21.0.4+8-LTS-274, mixed mode, sharing, tiered, compressed oops, compressed class ptrs, g1 gc, windows-amd64)
GC Precious Log:
 CardTable entry size: 512
 Card Set container configuration: InlinePtr #cards 5 size 8 Array Of Cards #cards 12 size 40 Howl #buckets 4 coarsen threshold 1843 Howl Bitmap #cards 512 size 80 coarsen threshold 460 Card regions per heap region 1 cards per card region 2048
 CPUs: 12 total, 12 available
 Memory: 6005M
 Large Page Support: Disabled
 NUMA Support: Disabled
 Compressed Oops: Enabled (32-bit)
 Heap Region Size: 1M
 Heap Min Capacity: 8M
 Heap Initial Capacity: 94M
 Heap Max Capacity: 1502M
 Pre-touch: Disabled
 Parallel Workers: 10
 Concurrent Workers: 3
 Concurrent Refinement Workers: 10
 Periodic GC: Disabled
Heap:
 garbage-first heap   total 78848K, used 57701K [0x00000000a2200000, 0x0000000100000000)
  region size 1024K, 24 young (24576K), 2 survivors (2048K)
 Metaspace       used 84918K, committed 85760K, reserved 1179648K
  class space    used 11474K, committed 11840K, reserved 1048576K
GC Heap History (20 events):
Event: 17.054 GC heap before
{Heap before GC invocations=23 (full 0):
 garbage-first heap   total 65536K, used 47540K [0x00000000a2200000, 0x0000000100000000)
  region size 1024K, 14 young (14336K), 1 survivors (1024K)
 Metaspace       used 72615K, committed 73280K, reserved 1114112K
  class space    used 9864K, committed 10176K, reserved 1048576K
}
Event: 17.057 GC heap after
{Heap after GC invocations=24 (full 0):
 garbage-first heap   total 65536K, used 34662K [0x00000000a2200000, 0x0000000100000000)
  region size 1024K, 2 young (2048K), 2 survivors (2048K)
 Metaspace       used 72615K, committed 73280K, reserved 1114112K
  class space    used 9864K, committed 10176K, reserved 1048576K
}
Event: 17.351 GC heap before
{Heap before GC invocations=24 (full 0):
 garbage-first heap   total 65536K, used 58214K [0x00000000a2200000, 0x0000000100000000)
  region size 1024K, 25 young (25600K), 2 survivors (2048K)
 Metaspace       used 72783K, committed 73536K, reserved 1114112K
  class space    used 9875K, committed 10240K, reserved 1048576K
}
Event: 17.356 GC heap after
{Heap after GC invocations=25 (full 0):
 garbage-first heap   total 78848K, used 35400K [0x00000000a2200000, 0x0000000100000000)
  region size 1024K, 3 young (3072K), 3 survivors (3072K)
 Metaspace       used 72783K, committed 73536K, reserved 1114112K
  class space    used 9875K, committed 10240K, reserved 1048576K
}
Event: 17.803 GC heap before
{Heap before GC invocations=25 (full 0):
 garbage-first heap   total 78848K, used 69192K [0x00000000a2200000, 0x0000000100000000)
  region size 1024K, 36 young (36864K), 3 survivors (3072K)
 Metaspace       used 73205K, committed 73920K, reserved 1114112K
  class space    used 9918K, committed 10240K, reserved 1048576K
}
Event: 17.806 GC heap after
{Heap after GC invocations=26 (full 0):
 garbage-first heap   total 78848K, used 35842K [0x00000000a2200000, 0x0000000100000000)
  region size 1024K, 3 young (3072K), 3 survivors (3072K)
 Metaspace       used 73205K, committed 73920K, reserved 1114112K
  class space    used 9918K, committed 10240K, reserved 1048576K
}
Event: 18.199 GC heap before
{Heap before GC invocations=26 (full 0):
 garbage-first heap   total 78848K, used 69634K [0x00000000a2200000, 0x0000000100000000)
  region size 1024K, 36 young (36864K), 3 survivors (3072K)
 Metaspace       used 73534K, committed 74240K, reserved 1114112K
  class space    used 9941K, committed 10240K, reserved 1048576K
}
Event: 18.203 GC heap after
{Heap after GC invocations=27 (full 0):
 garbage-first heap   total 78848K, used 36716K [0x00000000a2200000, 0x0000000100000000)
  region size 1024K, 4 young (4096K), 4 survivors (4096K)
 Metaspace       used 73534K, committed 74240K, reserved 1114112K
  class space    used 9941K, committed 10240K, reserved 1048576K
}
Event: 19.648 GC heap before
{Heap before GC invocations=27 (full 0):
 garbage-first heap   total 78848K, used 68460K [0x00000000a2200000, 0x0000000100000000)
  region size 1024K, 35 young (35840K), 4 survivors (4096K)
 Metaspace       used 77963K, committed 78720K, reserved 1179648K
  class space    used 10599K, committed 10944K, reserved 1048576K
}
Event: 19.655 GC heap after
{Heap after GC invocations=28 (full 0):
 garbage-first heap   total 78848K, used 39611K [0x00000000a2200000, 0x0000000100000000)
  region size 1024K, 5 young (5120K), 5 survivors (5120K)
 Metaspace       used 77963K, committed 78720K, reserved 1179648K
  class space    used 10599K, committed 10944K, reserved 1048576K
}
Event: 27.056 GC heap before
{Heap before GC invocations=29 (full 0):
 garbage-first heap   total 78848K, used 68283K [0x00000000a2200000, 0x0000000100000000)
  region size 1024K, 33 young (33792K), 5 survivors (5120K)
 Metaspace       used 83708K, committed 84544K, reserved 1179648K
  class space    used 11384K, committed 11776K, reserved 1048576K
}
Event: 27.068 GC heap after
{Heap after GC invocations=30 (full 0):
 garbage-first heap   total 78848K, used 42022K [0x00000000a2200000, 0x0000000100000000)
  region size 1024K, 3 young (3072K), 3 survivors (3072K)
 Metaspace       used 83708K, committed 84544K, reserved 1179648K
  class space    used 11384K, committed 11776K, reserved 1048576K
}
Event: 248.513 GC heap before
{Heap before GC invocations=30 (full 0):
 garbage-first heap   total 78848K, used 69670K [0x00000000a2200000, 0x0000000100000000)
  region size 1024K, 30 young (30720K), 3 survivors (3072K)
 Metaspace       used 84016K, committed 84864K, reserved 1179648K
  class space    used 11386K, committed 11776K, reserved 1048576K
}
Event: 248.617 GC heap after
{Heap after GC invocations=31 (full 0):
 garbage-first heap   total 78848K, used 41830K [0x00000000a2200000, 0x0000000100000000)
  region size 1024K, 3 young (3072K), 3 survivors (3072K)
 Metaspace       used 84016K, committed 84864K, reserved 1179648K
  class space    used 11386K, committed 11776K, reserved 1048576K
}
Event: 454.032 GC heap before
{Heap before GC invocations=31 (full 0):
 garbage-first heap   total 78848K, used 69478K [0x00000000a2200000, 0x0000000100000000)
  region size 1024K, 30 young (30720K), 3 survivors (3072K)
 Metaspace       used 84053K, committed 84864K, reserved 1179648K
  class space    used 11386K, committed 11776K, reserved 1048576K
}
Event: 454.348 GC heap after
{Heap after GC invocations=32 (full 0):
 garbage-first heap   total 78848K, used 41842K [0x00000000a2200000, 0x0000000100000000)
  region size 1024K, 3 young (3072K), 3 survivors (3072K)
 Metaspace       used 84053K, committed 84864K, reserved 1179648K
  class space    used 11386K, committed 11776K, reserved 1048576K
}
Event: 486.884 GC heap before
{Heap before GC invocations=33 (full 0):
 garbage-first heap   total 78848K, used 46962K [0x00000000a2200000, 0x0000000100000000)
  region size 1024K, 9 young (9216K), 3 survivors (3072K)
 Metaspace       used 84149K, committed 84928K, reserved 1179648K
  class space    used 11409K, committed 11776K, reserved 1048576K
}
Event: 488.830 GC heap after
{Heap after GC invocations=34 (full 1):
 garbage-first heap   total 78848K, used 34917K [0x00000000a2200000, 0x0000000100000000)
  region size 1024K, 0 young (0K), 0 survivors (0K)
 Metaspace       used 84147K, committed 84928K, reserved 1179648K
  class space    used 11409K, committed 11776K, reserved 1048576K
}
Event: 495.963 GC heap before
{Heap before GC invocations=34 (full 1):
 garbage-first heap   total 78848K, used 70757K [0x00000000a2200000, 0x0000000100000000)
  region size 1024K, 35 young (35840K), 0 survivors (0K)
 Metaspace       used 84675K, committed 85504K, reserved 1179648K
  class space    used 11447K, committed 11840K, reserved 1048576K
}
Event: 495.980 GC heap after
{Heap after GC invocations=35 (full 1):
 garbage-first heap   total 78848K, used 36197K [0x00000000a2200000, 0x0000000100000000)
  region size 1024K, 2 young (2048K), 2 survivors (2048K)
 Metaspace       used 84675K, committed 85504K, reserved 1179648K
  class space    used 11447K, committed 11840K, reserved 1048576K
}

