# JRE version: OpenJDK Runtime Environment Temurin-21.0.5+11 (21.0.5+11) (build 21.0.5+11-LTS)
# Java VM: OpenJDK 64-Bit Server VM Temurin-21.0.5+11 (21.0.5+11-LTS, mixed mode, sharing, tiered, compressed oops, compressed class ptrs, parallel gc, windows-amd64)
GC Precious Log:
 CardTable entry size: 512
 CPUs: 12 total, 12 available
 Memory: 6005M
 Large Page Support: Disabled
 NUMA Support: Disabled
 Compressed Oops: Enabled (32-bit)
 Alignments: Space 512K, Generation 512K, Heap 2M
 Heap Min Capacity: 100M
 Heap Initial Capacity: 100M
 Heap Max Capacity: 1G
 Pre-touch: Disabled
 Parallel Workers: 10
Heap:
 PSYoungGen      total 5632K, used 1216K [0x00000000eab00000, 0x00000000eb180000, 0x0000000100000000)
  eden space 4608K, 15% used [0x00000000eab00000,0x00000000eabb00a0,0x00000000eaf80000)
  from space 1024K, 50% used [0x00000000eb080000,0x00000000eb100000,0x00000000eb180000)
  to   space 1024K, 0% used [0x00000000eaf80000,0x00000000eaf80000,0x00000000eb080000)
 ParOldGen       total 437248K, used 437234K [0x00000000c0000000, 0x00000000dab00000, 0x00000000eab00000)
  object space 437248K, 99% used [0x00000000c0000000,0x00000000daafc818,0x00000000dab00000)
 Metaspace       used 65710K, committed 67200K, reserved 1114112K
  class space    used 6539K, committed 7232K, reserved 1048576K
GC Heap History (20 events):
Event: 102.668 GC heap before
{Heap before GC invocations=416 (full 4):
 PSYoungGen      total 5632K, used 5098K [0x00000000eab00000, 0x00000000eb180000, 0x0000000100000000)
  eden space 4608K, 100% used [0x00000000eab00000,0x00000000eaf80000,0x00000000eaf80000)
  from space 1024K, 47% used [0x00000000eaf80000,0x00000000eaffab10,0x00000000eb080000)
  to   space 1024K, 0% used [0x00000000eb080000,0x00000000eb080000,0x00000000eb180000)
 ParOldGen       total 431616K, used 431241K [0x00000000c0000000, 0x00000000da580000, 0x00000000eab00000)
  object space 431616K, 99% used [0x00000000c0000000,0x00000000da522790,0x00000000da580000)
 Metaspace       used 65710K, committed 67200K, reserved 1114112K
  class space    used 6539K, committed 7232K, reserved 1048576K
}
Event: 102.672 GC heap after
{Heap after GC invocations=416 (full 4):
 PSYoungGen      total 5632K, used 554K [0x00000000eab00000, 0x00000000eb180000, 0x0000000100000000)
  eden space 4608K, 0% used [0x00000000eab00000,0x00000000eab00000,0x00000000eaf80000)
  from space 1024K, 54% used [0x00000000eb080000,0x00000000eb10aa50,0x00000000eb180000)
  to   space 1024K, 0% used [0x00000000eaf80000,0x00000000eaf80000,0x00000000eb080000)
 ParOldGen       total 431616K, used 431529K [0x00000000c0000000, 0x00000000da580000, 0x00000000eab00000)
  object space 431616K, 99% used [0x00000000c0000000,0x00000000da56a790,0x00000000da580000)
 Metaspace       used 65710K, committed 67200K, reserved 1114112K
  class space    used 6539K, committed 7232K, reserved 1048576K
}
Event: 102.709 GC heap before
{Heap before GC invocations=417 (full 4):
 PSYoungGen      total 5632K, used 5162K [0x00000000eab00000, 0x00000000eb180000, 0x0000000100000000)
  eden space 4608K, 100% used [0x00000000eab00000,0x00000000eaf80000,0x00000000eaf80000)
  from space 1024K, 54% used [0x00000000eb080000,0x00000000eb10aa50,0x00000000eb180000)
  to   space 1024K, 0% used [0x00000000eaf80000,0x00000000eaf80000,0x00000000eb080000)
 ParOldGen       total 431616K, used 431529K [0x00000000c0000000, 0x00000000da580000, 0x00000000eab00000)
  object space 431616K, 99% used [0x00000000c0000000,0x00000000da56a790,0x00000000da580000)
 Metaspace       used 65710K, committed 67200K, reserved 1114112K
  class space    used 6539K, committed 7232K, reserved 1048576K
}
Event: 102.712 GC heap after
{Heap after GC invocations=417 (full 4):
 PSYoungGen      total 5632K, used 522K [0x00000000eab00000, 0x00000000eb180000, 0x0000000100000000)
  eden space 4608K, 0% used [0x00000000eab00000,0x00000000eab00000,0x00000000eaf80000)
  from space 1024K, 51% used [0x00000000eaf80000,0x00000000eb002a50,0x00000000eb080000)
  to   space 1024K, 0% used [0x00000000eb080000,0x00000000eb080000,0x00000000eb180000)
 ParOldGen       total 432128K, used 431833K [0x00000000c0000000, 0x00000000da600000, 0x00000000eab00000)
  object space 432128K, 99% used [0x00000000c0000000,0x00000000da5b6790,0x00000000da600000)
 Metaspace       used 65710K, committed 67200K, reserved 1114112K
  class space    used 6539K, committed 7232K, reserved 1048576K
}
Event: 102.749 GC heap before
{Heap before GC invocations=418 (full 4):
 PSYoungGen      total 5632K, used 5130K [0x00000000eab00000, 0x00000000eb180000, 0x0000000100000000)
  eden space 4608K, 100% used [0x00000000eab00000,0x00000000eaf80000,0x00000000eaf80000)
  from space 1024K, 51% used [0x00000000eaf80000,0x00000000eb002a50,0x00000000eb080000)
  to   space 1024K, 0% used [0x00000000eb080000,0x00000000eb080000,0x00000000eb180000)
 ParOldGen       total 432128K, used 431833K [0x00000000c0000000, 0x00000000da600000, 0x00000000eab00000)
  object space 432128K, 99% used [0x00000000c0000000,0x00000000da5b6790,0x00000000da600000)
 Metaspace       used 65710K, committed 67200K, reserved 1114112K
  class space    used 6539K, committed 7232K, reserved 1048576K
}
Event: 102.752 GC heap after
{Heap after GC invocations=418 (full 4):
 PSYoungGen      total 5120K, used 480K [0x00000000eab00000, 0x00000000eb100000, 0x0000000100000000)
  eden space 4608K, 0% used [0x00000000eab00000,0x00000000eab00000,0x00000000eaf80000)
  from space 512K, 93% used [0x00000000eb080000,0x00000000eb0f8000,0x00000000eb100000)
  to   space 512K, 0% used [0x00000000eb000000,0x00000000eb000000,0x00000000eb080000)
 ParOldGen       total 432640K, used 432263K [0x00000000c0000000, 0x00000000da680000, 0x00000000eab00000)
  object space 432640K, 99% used [0x00000000c0000000,0x00000000da621e00,0x00000000da680000)
 Metaspace       used 65710K, committed 67200K, reserved 1114112K
  class space    used 6539K, committed 7232K, reserved 1048576K
}
Event: 102.792 GC heap before
{Heap before GC invocations=419 (full 4):
 PSYoungGen      total 5120K, used 5088K [0x00000000eab00000, 0x00000000eb100000, 0x0000000100000000)
  eden space 4608K, 100% used [0x00000000eab00000,0x00000000eaf80000,0x00000000eaf80000)
  from space 512K, 93% used [0x00000000eb080000,0x00000000eb0f8000,0x00000000eb100000)
  to   space 512K, 0% used [0x00000000eb000000,0x00000000eb000000,0x00000000eb080000)
 ParOldGen       total 432640K, used 432263K [0x00000000c0000000, 0x00000000da680000, 0x00000000eab00000)
  object space 432640K, 99% used [0x00000000c0000000,0x00000000da621e00,0x00000000da680000)
 Metaspace       used 65710K, committed 67200K, reserved 1114112K
  class space    used 6539K, committed 7232K, reserved 1048576K
}
Event: 102.796 GC heap after
{Heap after GC invocations=419 (full 4):
 PSYoungGen      total 5120K, used 511K [0x00000000eab00000, 0x00000000eb180000, 0x0000000100000000)
  eden space 4608K, 0% used [0x00000000eab00000,0x00000000eab00000,0x00000000eaf80000)
  from space 512K, 99% used [0x00000000eb000000,0x00000000eb07fe70,0x00000000eb080000)
  to   space 1024K, 0% used [0x00000000eb080000,0x00000000eb080000,0x00000000eb180000)
 ParOldGen       total 433152K, used 432663K [0x00000000c0000000, 0x00000000da700000, 0x00000000eab00000)
  object space 433152K, 99% used [0x00000000c0000000,0x00000000da685e00,0x00000000da700000)
 Metaspace       used 65710K, committed 67200K, reserved 1114112K
  class space    used 6539K, committed 7232K, reserved 1048576K
}
Event: 102.827 GC heap before
{Heap before GC invocations=420 (full 4):
 PSYoungGen      total 5120K, used 5119K [0x00000000eab00000, 0x00000000eb180000, 0x0000000100000000)
  eden space 4608K, 100% used [0x00000000eab00000,0x00000000eaf80000,0x00000000eaf80000)
  from space 512K, 99% used [0x00000000eb000000,0x00000000eb07fe70,0x00000000eb080000)
  to   space 1024K, 0% used [0x00000000eb080000,0x00000000eb080000,0x00000000eb180000)
 ParOldGen       total 433152K, used 432663K [0x00000000c0000000, 0x00000000da700000, 0x00000000eab00000)
  object space 433152K, 99% used [0x00000000c0000000,0x00000000da685e00,0x00000000da700000)
 Metaspace       used 65710K, committed 67200K, reserved 1114112K
  class space    used 6539K, committed 7232K, reserved 1048576K
}
Event: 102.831 GC heap after
{Heap after GC invocations=420 (full 4):
 PSYoungGen      total 5632K, used 384K [0x00000000eab00000, 0x00000000eb180000, 0x0000000100000000)
  eden space 4608K, 0% used [0x00000000eab00000,0x00000000eab00000,0x00000000eaf80000)
  from space 1024K, 37% used [0x00000000eb080000,0x00000000eb0e0000,0x00000000eb180000)
  to   space 1024K, 0% used [0x00000000eaf80000,0x00000000eaf80000,0x00000000eb080000)
 ParOldGen       total 433152K, used 433121K [0x00000000c0000000, 0x00000000da700000, 0x00000000eab00000)
  object space 433152K, 99% used [0x00000000c0000000,0x00000000da6f8540,0x00000000da700000)
 Metaspace       used 65710K, committed 67200K, reserved 1114112K
  class space    used 6539K, committed 7232K, reserved 1048576K
}
Event: 102.868 GC heap before
{Heap before GC invocations=421 (full 4):
 PSYoungGen      total 5632K, used 4992K [0x00000000eab00000, 0x00000000eb180000, 0x0000000100000000)
  eden space 4608K, 100% used [0x00000000eab00000,0x00000000eaf80000,0x00000000eaf80000)
  from space 1024K, 37% used [0x00000000eb080000,0x00000000eb0e0000,0x00000000eb180000)
  to   space 1024K, 0% used [0x00000000eaf80000,0x00000000eaf80000,0x00000000eb080000)
 ParOldGen       total 433152K, used 433121K [0x00000000c0000000, 0x00000000da700000, 0x00000000eab00000)
  object space 433152K, 99% used [0x00000000c0000000,0x00000000da6f8540,0x00000000da700000)
 Metaspace       used 65710K, committed 67200K, reserved 1114112K
  class space    used 6539K, committed 7232K, reserved 1048576K
}
Event: 102.872 GC heap after
{Heap after GC invocations=421 (full 4):
 PSYoungGen      total 5632K, used 643K [0x00000000eab00000, 0x00000000eb180000, 0x0000000100000000)
  eden space 4608K, 0% used [0x00000000eab00000,0x00000000eab00000,0x00000000eaf80000)
  from space 1024K, 62% used [0x00000000eaf80000,0x00000000eb020ec8,0x00000000eb080000)
  to   space 1024K, 0% used [0x00000000eb080000,0x00000000eb080000,0x00000000eb180000)
 ParOldGen       total 433664K, used 433441K [0x00000000c0000000, 0x00000000da780000, 0x00000000eab00000)
  object space 433664K, 99% used [0x00000000c0000000,0x00000000da748540,0x00000000da780000)
 Metaspace       used 65710K, committed 67200K, reserved 1114112K
  class space    used 6539K, committed 7232K, reserved 1048576K
}
Event: 102.927 GC heap before
{Heap before GC invocations=422 (full 4):
 PSYoungGen      total 5632K, used 5236K [0x00000000eab00000, 0x00000000eb180000, 0x0000000100000000)
  eden space 4608K, 99% used [0x00000000eab00000,0x00000000eaf7c3f8,0x00000000eaf80000)
  from space 1024K, 62% used [0x00000000eaf80000,0x00000000eb020ec8,0x00000000eb080000)
  to   space 1024K, 0% used [0x00000000eb080000,0x00000000eb080000,0x00000000eb180000)
 ParOldGen       total 433664K, used 433441K [0x00000000c0000000, 0x00000000da780000, 0x00000000eab00000)
  object space 433664K, 99% used [0x00000000c0000000,0x00000000da748540,0x00000000da780000)
 Metaspace       used 65710K, committed 67200K, reserved 1114112K
  class space    used 6539K, committed 7232K, reserved 1048576K
}
Event: 102.933 GC heap after
{Heap after GC invocations=422 (full 4):
 PSYoungGen      total 5632K, used 670K [0x00000000eab00000, 0x00000000eb180000, 0x0000000100000000)
  eden space 4608K, 0% used [0x00000000eab00000,0x00000000eab00000,0x00000000eaf80000)
  from space 1024K, 65% used [0x00000000eb080000,0x00000000eb127988,0x00000000eb180000)
  to   space 1024K, 0% used [0x00000000eaf80000,0x00000000eaf80000,0x00000000eb080000)
 ParOldGen       total 434176K, used 433865K [0x00000000c0000000, 0x00000000da800000, 0x00000000eab00000)
  object space 434176K, 99% used [0x00000000c0000000,0x00000000da7b2540,0x00000000da800000)
 Metaspace       used 65710K, committed 67200K, reserved 1114112K
  class space    used 6539K, committed 7232K, reserved 1048576K
}
Event: 103.014 GC heap before
{Heap before GC invocations=423 (full 4):
 PSYoungGen      total 5632K, used 5278K [0x00000000eab00000, 0x00000000eb180000, 0x0000000100000000)
  eden space 4608K, 100% used [0x00000000eab00000,0x00000000eaf80000,0x00000000eaf80000)
  from space 1024K, 65% used [0x00000000eb080000,0x00000000eb127988,0x00000000eb180000)
  to   space 1024K, 0% used [0x00000000eaf80000,0x00000000eaf80000,0x00000000eb080000)
 ParOldGen       total 434176K, used 433865K [0x00000000c0000000, 0x00000000da800000, 0x00000000eab00000)
  object space 434176K, 99% used [0x00000000c0000000,0x00000000da7b2540,0x00000000da800000)
 Metaspace       used 65710K, committed 67200K, reserved 1114112K
  class space    used 6539K, committed 7232K, reserved 1048576K
}
Event: 103.022 GC heap after
{Heap after GC invocations=423 (full 4):
 PSYoungGen      total 5632K, used 544K [0x00000000eab00000, 0x00000000eb180000, 0x0000000100000000)
  eden space 4608K, 0% used [0x00000000eab00000,0x00000000eab00000,0x00000000eaf80000)
  from space 1024K, 53% used [0x00000000eaf80000,0x00000000eb008000,0x00000000eb080000)
  to   space 1024K, 0% used [0x00000000eb080000,0x00000000eb080000,0x00000000eb180000)
 ParOldGen       total 435200K, used 435097K [0x00000000c0000000, 0x00000000da900000, 0x00000000eab00000)
  object space 435200K, 99% used [0x00000000c0000000,0x00000000da8e6548,0x00000000da900000)
 Metaspace       used 65710K, committed 67200K, reserved 1114112K
  class space    used 6539K, committed 7232K, reserved 1048576K
}
Event: 103.091 GC heap before
{Heap before GC invocations=424 (full 4):
 PSYoungGen      total 5632K, used 5151K [0x00000000eab00000, 0x00000000eb180000, 0x0000000100000000)
  eden space 4608K, 99% used [0x00000000eab00000,0x00000000eaf7ffb0,0x00000000eaf80000)
  from space 1024K, 53% used [0x00000000eaf80000,0x00000000eb008000,0x00000000eb080000)
  to   space 1024K, 0% used [0x00000000eb080000,0x00000000eb080000,0x00000000eb180000)
 ParOldGen       total 435200K, used 435097K [0x00000000c0000000, 0x00000000da900000, 0x00000000eab00000)
  object space 435200K, 99% used [0x00000000c0000000,0x00000000da8e6548,0x00000000da900000)
 Metaspace       used 65710K, committed 67200K, reserved 1114112K
  class space    used 6539K, committed 7232K, reserved 1048576K
}
Event: 103.095 GC heap after
{Heap after GC invocations=424 (full 4):
 PSYoungGen      total 5632K, used 641K [0x00000000eab00000, 0x00000000eb180000, 0x0000000100000000)
  eden space 4608K, 0% used [0x00000000eab00000,0x00000000eab00000,0x00000000eaf80000)
  from space 1024K, 62% used [0x00000000eb080000,0x00000000eb120678,0x00000000eb180000)
  to   space 1024K, 0% used [0x00000000eaf80000,0x00000000eaf80000,0x00000000eb080000)
 ParOldGen       total 435712K, used 435385K [0x00000000c0000000, 0x00000000da980000, 0x00000000eab00000)
  object space 435712K, 99% used [0x00000000c0000000,0x00000000da92e548,0x00000000da980000)
 Metaspace       used 65710K, committed 67200K, reserved 1114112K
  class space    used 6539K, committed 7232K, reserved 1048576K
}
Event: 103.148 GC heap before
{Heap before GC invocations=425 (full 4):
 PSYoungGen      total 5632K, used 5249K [0x00000000eab00000, 0x00000000eb180000, 0x0000000100000000)
  eden space 4608K, 100% used [0x00000000eab00000,0x00000000eaf80000,0x00000000eaf80000)
  from space 1024K, 62% used [0x00000000eb080000,0x00000000eb120678,0x00000000eb180000)
  to   space 1024K, 0% used [0x00000000eaf80000,0x00000000eaf80000,0x00000000eb080000)
 ParOldGen       total 435712K, used 435385K [0x00000000c0000000, 0x00000000da980000, 0x00000000eab00000)
  object space 435712K, 99% used [0x00000000c0000000,0x00000000da92e548,0x00000000da980000)
 Metaspace       used 65710K, committed 67200K, reserved 1114112K
  class space    used 6539K, committed 7232K, reserved 1048576K
}
Event: 103.152 GC heap after
{Heap after GC invocations=425 (full 4):
 PSYoungGen      total 5632K, used 628K [0x00000000eab00000, 0x00000000eb180000, 0x0000000100000000)
  eden space 4608K, 0% used [0x00000000eab00000,0x00000000eab00000,0x00000000eaf80000)
  from space 1024K, 61% used [0x00000000eaf80000,0x00000000eb01d160,0x00000000eb080000)
  to   space 1024K, 0% used [0x00000000eb080000,0x00000000eb080000,0x00000000eb180000)
 ParOldGen       total 436224K, used 435809K [0x00000000c0000000, 0x00000000daa00000, 0x00000000eab00000)
  object space 436224K, 99% used [0x00000000c0000000,0x00000000da998548,0x00000000daa00000)
 Metaspace       used 65710K, committed 67200K, reserved 1114112K
  class space    used 6539K, committed 7232K, reserved 1048576K
}

