# JRE version: OpenJDK Runtime Environment Temurin-21.0.5+11 (21.0.5+11) (build 21.0.5+11-LTS)
# Java VM: OpenJDK 64-Bit Server VM Temurin-21.0.5+11 (21.0.5+11-LTS, mixed mode, sharing, tiered, compressed oops, compressed class ptrs, parallel gc, windows-amd64)
GC Precious Log:
 CardTable entry size: 512
 CPUs: 12 total, 12 available
 Memory: 6005M
 Large Page Support: Disabled
 NUMA Support: Disabled
 Compressed Oops: Enabled (32-bit)
 Alignments: Space 512K, Generation 512K, Heap 2M
 Heap Min Capacity: 100M
 Heap Initial Capacity: 100M
 Heap Max Capacity: 1G
 Pre-touch: Disabled
 Parallel Workers: 10
Heap:
 PSYoungGen      total 3072K, used 2492K [0x00000000eab00000, 0x00000000eae80000, 0x0000000100000000)
  eden space 2048K, 99% used [0x00000000eab00000,0x00000000eacff3d0,0x00000000ead00000)
  from space 1024K, 43% used [0x00000000ead00000,0x00000000ead70000,0x00000000eae00000)
  to   space 512K, 96% used [0x00000000eae00000,0x00000000eae7b0c8,0x00000000eae80000)
 ParOldGen       total 253952K, used 253573K [0x00000000c0000000, 0x00000000cf800000, 0x00000000eab00000)
  object space 253952K, 99% used [0x00000000c0000000,0x00000000cf7a1500,0x00000000cf800000)
 Metaspace       used 60315K, committed 61696K, reserved 1114112K
  class space    used 6124K, committed 6784K, reserved 1048576K
GC Heap History (20 events):
Event: 19.313 GC heap after
{Heap after GC invocations=226 (full 3):
 PSYoungGen      total 3072K, used 516K [0x00000000eab00000, 0x00000000eaf00000, 0x0000000100000000)
  eden space 2048K, 0% used [0x00000000eab00000,0x00000000eab00000,0x00000000ead00000)
  from space 1024K, 50% used [0x00000000ead00000,0x00000000ead813e8,0x00000000eae00000)
  to   space 1024K, 0% used [0x00000000eae00000,0x00000000eae00000,0x00000000eaf00000)
 ParOldGen       total 249856K, used 249805K [0x00000000c0000000, 0x00000000cf400000, 0x00000000eab00000)
  object space 249856K, 99% used [0x00000000c0000000,0x00000000cf3f3438,0x00000000cf400000)
 Metaspace       used 60273K, committed 61696K, reserved 1114112K
  class space    used 6124K, committed 6784K, reserved 1048576K
}
Event: 19.331 GC heap before
{Heap before GC invocations=227 (full 3):
 PSYoungGen      total 3072K, used 2564K [0x00000000eab00000, 0x00000000eaf00000, 0x0000000100000000)
  eden space 2048K, 100% used [0x00000000eab00000,0x00000000ead00000,0x00000000ead00000)
  from space 1024K, 50% used [0x00000000ead00000,0x00000000ead813e8,0x00000000eae00000)
  to   space 1024K, 0% used [0x00000000eae00000,0x00000000eae00000,0x00000000eaf00000)
 ParOldGen       total 249856K, used 249805K [0x00000000c0000000, 0x00000000cf400000, 0x00000000eab00000)
  object space 249856K, 99% used [0x00000000c0000000,0x00000000cf3f3438,0x00000000cf400000)
 Metaspace       used 60274K, committed 61696K, reserved 1114112K
  class space    used 6124K, committed 6784K, reserved 1048576K
}
Event: 19.335 GC heap after
{Heap after GC invocations=227 (full 3):
 PSYoungGen      total 3072K, used 608K [0x00000000eab00000, 0x00000000eaf00000, 0x0000000100000000)
  eden space 2048K, 0% used [0x00000000eab00000,0x00000000eab00000,0x00000000ead00000)
  from space 1024K, 59% used [0x00000000eae00000,0x00000000eae98128,0x00000000eaf00000)
  to   space 1024K, 0% used [0x00000000ead00000,0x00000000ead00000,0x00000000eae00000)
 ParOldGen       total 250368K, used 250201K [0x00000000c0000000, 0x00000000cf480000, 0x00000000eab00000)
  object space 250368K, 99% used [0x00000000c0000000,0x00000000cf4565d8,0x00000000cf480000)
 Metaspace       used 60274K, committed 61696K, reserved 1114112K
  class space    used 6124K, committed 6784K, reserved 1048576K
}
Event: 19.360 GC heap before
{Heap before GC invocations=228 (full 3):
 PSYoungGen      total 3072K, used 2656K [0x00000000eab00000, 0x00000000eaf00000, 0x0000000100000000)
  eden space 2048K, 100% used [0x00000000eab00000,0x00000000ead00000,0x00000000ead00000)
  from space 1024K, 59% used [0x00000000eae00000,0x00000000eae98128,0x00000000eaf00000)
  to   space 1024K, 0% used [0x00000000ead00000,0x00000000ead00000,0x00000000eae00000)
 ParOldGen       total 250368K, used 250201K [0x00000000c0000000, 0x00000000cf480000, 0x00000000eab00000)
  object space 250368K, 99% used [0x00000000c0000000,0x00000000cf4565d8,0x00000000cf480000)
 Metaspace       used 60288K, committed 61696K, reserved 1114112K
  class space    used 6124K, committed 6784K, reserved 1048576K
}
Event: 19.368 GC heap after
{Heap after GC invocations=228 (full 3):
 PSYoungGen      total 3072K, used 634K [0x00000000eab00000, 0x00000000eaf00000, 0x0000000100000000)
  eden space 2048K, 0% used [0x00000000eab00000,0x00000000eab00000,0x00000000ead00000)
  from space 1024K, 61% used [0x00000000ead00000,0x00000000ead9eb18,0x00000000eae00000)
  to   space 1024K, 0% used [0x00000000eae00000,0x00000000eae00000,0x00000000eaf00000)
 ParOldGen       total 250880K, used 250654K [0x00000000c0000000, 0x00000000cf500000, 0x00000000eab00000)
  object space 250880K, 99% used [0x00000000c0000000,0x00000000cf4c7ad8,0x00000000cf500000)
 Metaspace       used 60288K, committed 61696K, reserved 1114112K
  class space    used 6124K, committed 6784K, reserved 1048576K
}
Event: 19.387 GC heap before
{Heap before GC invocations=229 (full 3):
 PSYoungGen      total 3072K, used 2682K [0x00000000eab00000, 0x00000000eaf00000, 0x0000000100000000)
  eden space 2048K, 100% used [0x00000000eab00000,0x00000000ead00000,0x00000000ead00000)
  from space 1024K, 61% used [0x00000000ead00000,0x00000000ead9eb18,0x00000000eae00000)
  to   space 1024K, 0% used [0x00000000eae00000,0x00000000eae00000,0x00000000eaf00000)
 ParOldGen       total 250880K, used 250654K [0x00000000c0000000, 0x00000000cf500000, 0x00000000eab00000)
  object space 250880K, 99% used [0x00000000c0000000,0x00000000cf4c7ad8,0x00000000cf500000)
 Metaspace       used 60289K, committed 61696K, reserved 1114112K
  class space    used 6124K, committed 6784K, reserved 1048576K
}
Event: 19.390 GC heap after
{Heap after GC invocations=229 (full 3):
 PSYoungGen      total 3072K, used 544K [0x00000000eab00000, 0x00000000eaf00000, 0x0000000100000000)
  eden space 2048K, 0% used [0x00000000eab00000,0x00000000eab00000,0x00000000ead00000)
  from space 1024K, 53% used [0x00000000eae00000,0x00000000eae88000,0x00000000eaf00000)
  to   space 1024K, 0% used [0x00000000ead00000,0x00000000ead00000,0x00000000eae00000)
 ParOldGen       total 251392K, used 251086K [0x00000000c0000000, 0x00000000cf580000, 0x00000000eab00000)
  object space 251392K, 99% used [0x00000000c0000000,0x00000000cf533a78,0x00000000cf580000)
 Metaspace       used 60289K, committed 61696K, reserved 1114112K
  class space    used 6124K, committed 6784K, reserved 1048576K
}
Event: 19.415 GC heap before
{Heap before GC invocations=230 (full 3):
 PSYoungGen      total 3072K, used 2592K [0x00000000eab00000, 0x00000000eaf00000, 0x0000000100000000)
  eden space 2048K, 100% used [0x00000000eab00000,0x00000000ead00000,0x00000000ead00000)
  from space 1024K, 53% used [0x00000000eae00000,0x00000000eae88000,0x00000000eaf00000)
  to   space 1024K, 0% used [0x00000000ead00000,0x00000000ead00000,0x00000000eae00000)
 ParOldGen       total 251392K, used 251086K [0x00000000c0000000, 0x00000000cf580000, 0x00000000eab00000)
  object space 251392K, 99% used [0x00000000c0000000,0x00000000cf533a78,0x00000000cf580000)
 Metaspace       used 60292K, committed 61696K, reserved 1114112K
  class space    used 6124K, committed 6784K, reserved 1048576K
}
Event: 19.419 GC heap after
{Heap after GC invocations=230 (full 3):
 PSYoungGen      total 3072K, used 698K [0x00000000eab00000, 0x00000000eaf00000, 0x0000000100000000)
  eden space 2048K, 0% used [0x00000000eab00000,0x00000000eab00000,0x00000000ead00000)
  from space 1024K, 68% used [0x00000000ead00000,0x00000000eadae828,0x00000000eae00000)
  to   space 1024K, 0% used [0x00000000eae00000,0x00000000eae00000,0x00000000eaf00000)
 ParOldGen       total 251904K, used 251484K [0x00000000c0000000, 0x00000000cf600000, 0x00000000eab00000)
  object space 251904K, 99% used [0x00000000c0000000,0x00000000cf5970a8,0x00000000cf600000)
 Metaspace       used 60292K, committed 61696K, reserved 1114112K
  class space    used 6124K, committed 6784K, reserved 1048576K
}
Event: 19.443 GC heap before
{Heap before GC invocations=231 (full 3):
 PSYoungGen      total 3072K, used 2746K [0x00000000eab00000, 0x00000000eaf00000, 0x0000000100000000)
  eden space 2048K, 100% used [0x00000000eab00000,0x00000000ead00000,0x00000000ead00000)
  from space 1024K, 68% used [0x00000000ead00000,0x00000000eadae828,0x00000000eae00000)
  to   space 1024K, 0% used [0x00000000eae00000,0x00000000eae00000,0x00000000eaf00000)
 ParOldGen       total 251904K, used 251484K [0x00000000c0000000, 0x00000000cf600000, 0x00000000eab00000)
  object space 251904K, 99% used [0x00000000c0000000,0x00000000cf5970a8,0x00000000cf600000)
 Metaspace       used 60297K, committed 61696K, reserved 1114112K
  class space    used 6124K, committed 6784K, reserved 1048576K
}
Event: 19.446 GC heap after
{Heap after GC invocations=231 (full 3):
 PSYoungGen      total 3072K, used 593K [0x00000000eab00000, 0x00000000eaf00000, 0x0000000100000000)
  eden space 2048K, 0% used [0x00000000eab00000,0x00000000eab00000,0x00000000ead00000)
  from space 1024K, 57% used [0x00000000eae00000,0x00000000eae94498,0x00000000eaf00000)
  to   space 1024K, 0% used [0x00000000ead00000,0x00000000ead00000,0x00000000eae00000)
 ParOldGen       total 252416K, used 251966K [0x00000000c0000000, 0x00000000cf680000, 0x00000000eab00000)
  object space 252416K, 99% used [0x00000000c0000000,0x00000000cf60faf8,0x00000000cf680000)
 Metaspace       used 60297K, committed 61696K, reserved 1114112K
  class space    used 6124K, committed 6784K, reserved 1048576K
}
Event: 19.471 GC heap before
{Heap before GC invocations=232 (full 3):
 PSYoungGen      total 3072K, used 2641K [0x00000000eab00000, 0x00000000eaf00000, 0x0000000100000000)
  eden space 2048K, 99% used [0x00000000eab00000,0x00000000eacfffa0,0x00000000ead00000)
  from space 1024K, 57% used [0x00000000eae00000,0x00000000eae94498,0x00000000eaf00000)
  to   space 1024K, 0% used [0x00000000ead00000,0x00000000ead00000,0x00000000eae00000)
 ParOldGen       total 252416K, used 251966K [0x00000000c0000000, 0x00000000cf680000, 0x00000000eab00000)
  object space 252416K, 99% used [0x00000000c0000000,0x00000000cf60faf8,0x00000000cf680000)
 Metaspace       used 60300K, committed 61696K, reserved 1114112K
  class space    used 6124K, committed 6784K, reserved 1048576K
}
Event: 19.474 GC heap after
{Heap after GC invocations=232 (full 3):
 PSYoungGen      total 3072K, used 572K [0x00000000eab00000, 0x00000000eaf00000, 0x0000000100000000)
  eden space 2048K, 0% used [0x00000000eab00000,0x00000000eab00000,0x00000000ead00000)
  from space 1024K, 55% used [0x00000000ead00000,0x00000000ead8f290,0x00000000eae00000)
  to   space 1024K, 0% used [0x00000000eae00000,0x00000000eae00000,0x00000000eaf00000)
 ParOldGen       total 252928K, used 252431K [0x00000000c0000000, 0x00000000cf700000, 0x00000000eab00000)
  object space 252928K, 99% used [0x00000000c0000000,0x00000000cf683fa0,0x00000000cf700000)
 Metaspace       used 60300K, committed 61696K, reserved 1114112K
  class space    used 6124K, committed 6784K, reserved 1048576K
}
Event: 19.522 GC heap before
{Heap before GC invocations=233 (full 3):
 PSYoungGen      total 3072K, used 2620K [0x00000000eab00000, 0x00000000eaf00000, 0x0000000100000000)
  eden space 2048K, 100% used [0x00000000eab00000,0x00000000ead00000,0x00000000ead00000)
  from space 1024K, 55% used [0x00000000ead00000,0x00000000ead8f290,0x00000000eae00000)
  to   space 1024K, 0% used [0x00000000eae00000,0x00000000eae00000,0x00000000eaf00000)
 ParOldGen       total 252928K, used 252431K [0x00000000c0000000, 0x00000000cf700000, 0x00000000eab00000)
  object space 252928K, 99% used [0x00000000c0000000,0x00000000cf683fa0,0x00000000cf700000)
 Metaspace       used 60306K, committed 61696K, reserved 1114112K
  class space    used 6124K, committed 6784K, reserved 1048576K
}
Event: 19.526 GC heap after
{Heap after GC invocations=233 (full 3):
 PSYoungGen      total 3072K, used 480K [0x00000000eab00000, 0x00000000eaf00000, 0x0000000100000000)
  eden space 2048K, 0% used [0x00000000eab00000,0x00000000eab00000,0x00000000ead00000)
  from space 1024K, 46% used [0x00000000eae00000,0x00000000eae78000,0x00000000eaf00000)
  to   space 1024K, 0% used [0x00000000ead00000,0x00000000ead00000,0x00000000eae00000)
 ParOldGen       total 252928K, used 252869K [0x00000000c0000000, 0x00000000cf700000, 0x00000000eab00000)
  object space 252928K, 99% used [0x00000000c0000000,0x00000000cf6f1458,0x00000000cf700000)
 Metaspace       used 60306K, committed 61696K, reserved 1114112K
  class space    used 6124K, committed 6784K, reserved 1048576K
}
Event: 19.570 GC heap before
{Heap before GC invocations=234 (full 3):
 PSYoungGen      total 3072K, used 2528K [0x00000000eab00000, 0x00000000eaf00000, 0x0000000100000000)
  eden space 2048K, 100% used [0x00000000eab00000,0x00000000ead00000,0x00000000ead00000)
  from space 1024K, 46% used [0x00000000eae00000,0x00000000eae78000,0x00000000eaf00000)
  to   space 1024K, 0% used [0x00000000ead00000,0x00000000ead00000,0x00000000eae00000)
 ParOldGen       total 252928K, used 252869K [0x00000000c0000000, 0x00000000cf700000, 0x00000000eab00000)
  object space 252928K, 99% used [0x00000000c0000000,0x00000000cf6f1458,0x00000000cf700000)
 Metaspace       used 60315K, committed 61696K, reserved 1114112K
  class space    used 6124K, committed 6784K, reserved 1048576K
}
Event: 19.573 GC heap after
{Heap after GC invocations=234 (full 3):
 PSYoungGen      total 3072K, used 448K [0x00000000eab00000, 0x00000000eae80000, 0x0000000100000000)
  eden space 2048K, 0% used [0x00000000eab00000,0x00000000eab00000,0x00000000ead00000)
  from space 1024K, 43% used [0x00000000ead00000,0x00000000ead70000,0x00000000eae00000)
  to   space 512K, 0% used [0x00000000eae00000,0x00000000eae00000,0x00000000eae80000)
 ParOldGen       total 253440K, used 253237K [0x00000000c0000000, 0x00000000cf780000, 0x00000000eab00000)
  object space 253440K, 99% used [0x00000000c0000000,0x00000000cf74d5b8,0x00000000cf780000)
 Metaspace       used 60315K, committed 61696K, reserved 1114112K
  class space    used 6124K, committed 6784K, reserved 1048576K
}
Event: 19.606 GC heap before
{Heap before GC invocations=235 (full 3):
 PSYoungGen      total 3072K, used 2492K [0x00000000eab00000, 0x00000000eae80000, 0x0000000100000000)
  eden space 2048K, 99% used [0x00000000eab00000,0x00000000eacff3d0,0x00000000ead00000)
  from space 1024K, 43% used [0x00000000ead00000,0x00000000ead70000,0x00000000eae00000)
  to   space 512K, 0% used [0x00000000eae00000,0x00000000eae00000,0x00000000eae80000)
 ParOldGen       total 253440K, used 253237K [0x00000000c0000000, 0x00000000cf780000, 0x00000000eab00000)
  object space 253440K, 99% used [0x00000000c0000000,0x00000000cf74d5b8,0x00000000cf780000)
 Metaspace       used 60315K, committed 61696K, reserved 1114112K
  class space    used 6124K, committed 6784K, reserved 1048576K
}
Event: 19.610 GC heap after
{Heap after GC invocations=235 (full 3):
 PSYoungGen      total 3072K, used 2492K [0x00000000eab00000, 0x00000000eae80000, 0x0000000100000000)
  eden space 2048K, 99% used [0x00000000eab00000,0x00000000eacff3d0,0x00000000ead00000)
  from space 1024K, 43% used [0x00000000ead00000,0x00000000ead70000,0x00000000eae00000)
  to   space 512K, 96% used [0x00000000eae00000,0x00000000eae7b0c8,0x00000000eae80000)
 ParOldGen       total 253952K, used 253573K [0x00000000c0000000, 0x00000000cf800000, 0x00000000eab00000)
  object space 253952K, 99% used [0x00000000c0000000,0x00000000cf7a1500,0x00000000cf800000)
 Metaspace       used 60315K, committed 61696K, reserved 1114112K
  class space    used 6124K, committed 6784K, reserved 1048576K
}
Event: 19.610 GC heap before
{Heap before GC invocations=236 (full 4):
 PSYoungGen      total 3072K, used 2492K [0x00000000eab00000, 0x00000000eae80000, 0x0000000100000000)
  eden space 2048K, 99% used [0x00000000eab00000,0x00000000eacff3d0,0x00000000ead00000)
  from space 1024K, 43% used [0x00000000ead00000,0x00000000ead70000,0x00000000eae00000)
  to   space 512K, 96% used [0x00000000eae00000,0x00000000eae7b0c8,0x00000000eae80000)
 ParOldGen       total 253952K, used 253573K [0x00000000c0000000, 0x00000000cf800000, 0x00000000eab00000)
  object space 253952K, 99% used [0x00000000c0000000,0x00000000cf7a1500,0x00000000cf800000)
 Metaspace       used 60315K, committed 61696K, reserved 1114112K
  class space    used 6124K, committed 6784K, reserved 1048576K
}

