# JRE version: Java(TM) SE Runtime Environment (21.0.4+8) (build 21.0.4+8-LTS-274)
# Java VM: Java HotSpot(TM) 64-Bit Server VM (21.0.4+8-LTS-274, mixed mode, sharing, tiered, compressed oops, compressed class ptrs, g1 gc, windows-amd64)
GC Precious Log:
 CardTable entry size: 512
 Card Set container configuration: InlinePtr #cards 5 size 8 Array Of Cards #cards 12 size 40 Howl #buckets 4 coarsen threshold 1843 Howl Bitmap #cards 512 size 80 coarsen threshold 460 Card regions per heap region 1 cards per card region 2048
 CPUs: 12 total, 12 available
 Memory: 6005M
 Large Page Support: Disabled
 NUMA Support: Disabled
 Compressed Oops: Enabled (32-bit)
 Heap Region Size: 1M
 Heap Min Capacity: 8M
 Heap Initial Capacity: 94M
 Heap Max Capacity: 1502M
 Pre-touch: Disabled
 Parallel Workers: 10
 Concurrent Workers: 3
 Concurrent Refinement Workers: 10
 Periodic GC: Disabled
Heap:
 garbage-first heap   total 89088K, used 56204K [0x00000000a2200000, 0x0000000100000000)
  region size 1024K, 12 young (12288K), 2 survivors (2048K)
 Metaspace       used 90683K, committed 91520K, reserved 1179648K
  class space    used 11972K, committed 12352K, reserved 1048576K
GC Heap History (20 events):
Event: 348.688 GC heap before
{Heap before GC invocations=34 (full 1):
 garbage-first heap   total 79872K, used 68249K [0x00000000a2200000, 0x0000000100000000)
  region size 1024K, 32 young (32768K), 0 survivors (0K)
 Metaspace       used 88076K, committed 88960K, reserved 1179648K
  class space    used 11799K, committed 12224K, reserved 1048576K
}
Event: 348.721 GC heap after
{Heap after GC invocations=35 (full 1):
 garbage-first heap   total 79872K, used 37896K [0x00000000a2200000, 0x0000000100000000)
  region size 1024K, 2 young (2048K), 2 survivors (2048K)
 Metaspace       used 88076K, committed 88960K, reserved 1179648K
  class space    used 11799K, committed 12224K, reserved 1048576K
}
Event: 350.627 GC heap before
{Heap before GC invocations=36 (full 1):
 garbage-first heap   total 79872K, used 67592K [0x00000000a2200000, 0x0000000100000000)
  region size 1024K, 32 young (32768K), 2 survivors (2048K)
 Metaspace       used 88290K, committed 89152K, reserved 1179648K
  class space    used 11804K, committed 12224K, reserved 1048576K
}
Event: 350.642 GC heap after
{Heap after GC invocations=37 (full 1):
 garbage-first heap   total 79872K, used 39849K [0x00000000a2200000, 0x0000000100000000)
  region size 1024K, 4 young (4096K), 4 survivors (4096K)
 Metaspace       used 88290K, committed 89152K, reserved 1179648K
  class space    used 11804K, committed 12224K, reserved 1048576K
}
Event: 356.448 GC heap before
{Heap before GC invocations=37 (full 1):
 garbage-first heap   total 79872K, used 65449K [0x00000000a2200000, 0x0000000100000000)
  region size 1024K, 30 young (30720K), 4 survivors (4096K)
 Metaspace       used 88508K, committed 89408K, reserved 1179648K
  class space    used 11831K, committed 12224K, reserved 1048576K
}
Event: 356.456 GC heap after
{Heap after GC invocations=38 (full 1):
 garbage-first heap   total 79872K, used 39525K [0x00000000a2200000, 0x0000000100000000)
  region size 1024K, 3 young (3072K), 3 survivors (3072K)
 Metaspace       used 88508K, committed 89408K, reserved 1179648K
  class space    used 11831K, committed 12224K, reserved 1048576K
}
Event: 361.390 GC heap before
{Heap before GC invocations=38 (full 1):
 garbage-first heap   total 79872K, used 68197K [0x00000000a2200000, 0x0000000100000000)
  region size 1024K, 31 young (31744K), 3 survivors (3072K)
 Metaspace       used 88858K, committed 89728K, reserved 1179648K
  class space    used 11851K, committed 12224K, reserved 1048576K
}
Event: 361.397 GC heap after
{Heap after GC invocations=39 (full 1):
 garbage-first heap   total 79872K, used 38545K [0x00000000a2200000, 0x0000000100000000)
  region size 1024K, 2 young (2048K), 2 survivors (2048K)
 Metaspace       used 88858K, committed 89728K, reserved 1179648K
  class space    used 11851K, committed 12224K, reserved 1048576K
}
Event: 364.126 GC heap before
{Heap before GC invocations=40 (full 1):
 garbage-first heap   total 79872K, used 69265K [0x00000000a2200000, 0x0000000100000000)
  region size 1024K, 32 young (32768K), 2 survivors (2048K)
 Metaspace       used 89312K, committed 90176K, reserved 1179648K
  class space    used 11896K, committed 12288K, reserved 1048576K
}
Event: 364.143 GC heap after
{Heap after GC invocations=41 (full 1):
 garbage-first heap   total 79872K, used 41027K [0x00000000a2200000, 0x0000000100000000)
  region size 1024K, 4 young (4096K), 4 survivors (4096K)
 Metaspace       used 89312K, committed 90176K, reserved 1179648K
  class space    used 11896K, committed 12288K, reserved 1048576K
}
Event: 367.901 GC heap before
{Heap before GC invocations=41 (full 1):
 garbage-first heap   total 79872K, used 67651K [0x00000000a2200000, 0x0000000100000000)
  region size 1024K, 30 young (30720K), 4 survivors (4096K)
 Metaspace       used 89494K, committed 90368K, reserved 1179648K
  class space    used 11903K, committed 12288K, reserved 1048576K
}
Event: 367.914 GC heap after
{Heap after GC invocations=42 (full 1):
 garbage-first heap   total 79872K, used 43076K [0x00000000a2200000, 0x0000000100000000)
  region size 1024K, 3 young (3072K), 3 survivors (3072K)
 Metaspace       used 89494K, committed 90368K, reserved 1179648K
  class space    used 11903K, committed 12288K, reserved 1048576K
}
Event: 374.017 GC heap before
{Heap before GC invocations=42 (full 1):
 garbage-first heap   total 79872K, used 68676K [0x00000000a2200000, 0x0000000100000000)
  region size 1024K, 28 young (28672K), 3 survivors (3072K)
 Metaspace       used 89965K, committed 90880K, reserved 1179648K
  class space    used 11926K, committed 12352K, reserved 1048576K
}
Event: 374.023 GC heap after
{Heap after GC invocations=43 (full 1):
 garbage-first heap   total 79872K, used 43901K [0x00000000a2200000, 0x0000000100000000)
  region size 1024K, 4 young (4096K), 4 survivors (4096K)
 Metaspace       used 89965K, committed 90880K, reserved 1179648K
  class space    used 11926K, committed 12352K, reserved 1048576K
}
Event: 375.252 GC heap before
{Heap before GC invocations=44 (full 1):
 garbage-first heap   total 80896K, used 67453K [0x00000000a2200000, 0x0000000100000000)
  region size 1024K, 27 young (27648K), 4 survivors (4096K)
 Metaspace       used 90178K, committed 91072K, reserved 1179648K
  class space    used 11935K, committed 12352K, reserved 1048576K
}
Event: 375.263 GC heap after
{Heap after GC invocations=45 (full 1):
 garbage-first heap   total 80896K, used 45621K [0x00000000a2200000, 0x0000000100000000)
  region size 1024K, 4 young (4096K), 4 survivors (4096K)
 Metaspace       used 90178K, committed 91072K, reserved 1179648K
  class space    used 11935K, committed 12352K, reserved 1048576K
}
Event: 375.608 GC heap before
{Heap before GC invocations=45 (full 1):
 garbage-first heap   total 80896K, used 68149K [0x00000000a2200000, 0x0000000100000000)
  region size 1024K, 26 young (26624K), 4 survivors (4096K)
 Metaspace       used 90386K, committed 91264K, reserved 1179648K
  class space    used 11949K, committed 12352K, reserved 1048576K
}
Event: 375.615 GC heap after
{Heap after GC invocations=46 (full 1):
 garbage-first heap   total 80896K, used 46293K [0x00000000a2200000, 0x0000000100000000)
  region size 1024K, 3 young (3072K), 3 survivors (3072K)
 Metaspace       used 90386K, committed 91264K, reserved 1179648K
  class space    used 11949K, committed 12352K, reserved 1048576K
}
Event: 376.007 GC heap before
{Heap before GC invocations=46 (full 1):
 garbage-first heap   total 80896K, used 70869K [0x00000000a2200000, 0x0000000100000000)
  region size 1024K, 27 young (27648K), 3 survivors (3072K)
 Metaspace       used 90571K, committed 91456K, reserved 1179648K
  class space    used 11961K, committed 12352K, reserved 1048576K
}
Event: 376.015 GC heap after
{Heap after GC invocations=47 (full 1):
 garbage-first heap   total 80896K, used 46988K [0x00000000a2200000, 0x0000000100000000)
  region size 1024K, 2 young (2048K), 2 survivors (2048K)
 Metaspace       used 90571K, committed 91456K, reserved 1179648K
  class space    used 11961K, committed 12352K, reserved 1048576K
}

