# JRE version: Java(TM) SE Runtime Environment (21.0.4+8) (build 21.0.4+8-LTS-274)
# Java VM: Java HotSpot(TM) 64-Bit Server VM (21.0.4+8-LTS-274, mixed mode, sharing, tiered, compressed oops, compressed class ptrs, g1 gc, windows-amd64)
GC Precious Log:
 CardTable entry size: 512
 Card Set container configuration: InlinePtr #cards 5 size 8 Array Of Cards #cards 12 size 40 Howl #buckets 4 coarsen threshold 1843 Howl Bitmap #cards 512 size 80 coarsen threshold 460 Card regions per heap region 1 cards per card region 2048
 CPUs: 12 total, 12 available
 Memory: 6005M
 Large Page Support: Disabled
 NUMA Support: Disabled
 Compressed Oops: Enabled (32-bit)
 Heap Region Size: 1M
 Heap Min Capacity: 8M
 Heap Initial Capacity: 94M
 Heap Max Capacity: 1502M
 Pre-touch: Disabled
 Parallel Workers: 10
 Concurrent Workers: 3
 Concurrent Refinement Workers: 10
 Periodic GC: Disabled
Heap:
 garbage-first heap   total 79872K, used 37262K [0x00000000a2200000, 0x0000000100000000)
  region size 1024K, 3 young (3072K), 2 survivors (2048K)
 Metaspace       used 87041K, committed 87808K, reserved 1179648K
  class space    used 11729K, committed 12096K, reserved 1048576K
GC Heap History (20 events):
Event: 17.281 GC heap before
{Heap before GC invocations=28 (full 0):
 garbage-first heap   total 66560K, used 58514K [0x00000000a2200000, 0x0000000100000000)
  region size 1024K, 25 young (25600K), 3 survivors (3072K)
 Metaspace       used 73599K, committed 74304K, reserved 1114112K
  class space    used 9962K, committed 10304K, reserved 1048576K
}
Event: 17.286 GC heap after
{Heap after GC invocations=29 (full 0):
 garbage-first heap   total 79872K, used 36829K [0x00000000a2200000, 0x0000000100000000)
  region size 1024K, 3 young (3072K), 3 survivors (3072K)
 Metaspace       used 73599K, committed 74304K, reserved 1114112K
  class space    used 9962K, committed 10304K, reserved 1048576K
}
Event: 19.073 GC heap before
{Heap before GC invocations=29 (full 0):
 garbage-first heap   total 79872K, used 70621K [0x00000000a2200000, 0x0000000100000000)
  region size 1024K, 36 young (36864K), 3 survivors (3072K)
 Metaspace       used 78110K, committed 78848K, reserved 1179648K
  class space    used 10630K, committed 10944K, reserved 1048576K
}
Event: 19.082 GC heap after
{Heap after GC invocations=30 (full 0):
 garbage-first heap   total 79872K, used 39850K [0x00000000a2200000, 0x0000000100000000)
  region size 1024K, 5 young (5120K), 5 survivors (5120K)
 Metaspace       used 78110K, committed 78848K, reserved 1179648K
  class space    used 10630K, committed 10944K, reserved 1048576K
}
Event: 32.610 GC heap before
{Heap before GC invocations=30 (full 0):
 garbage-first heap   total 79872K, used 69546K [0x00000000a2200000, 0x0000000100000000)
  region size 1024K, 34 young (34816K), 5 survivors (5120K)
 Metaspace       used 84274K, committed 84992K, reserved 1179648K
  class space    used 11443K, committed 11776K, reserved 1048576K
}
Event: 32.623 GC heap after
{Heap after GC invocations=31 (full 0):
 garbage-first heap   total 79872K, used 42392K [0x00000000a2200000, 0x0000000100000000)
  region size 1024K, 3 young (3072K), 3 survivors (3072K)
 Metaspace       used 84274K, committed 84992K, reserved 1179648K
  class space    used 11443K, committed 11776K, reserved 1048576K
}
Event: 200.566 GC heap before
{Heap before GC invocations=31 (full 0):
 garbage-first heap   total 79872K, used 71064K [0x00000000a2200000, 0x0000000100000000)
  region size 1024K, 31 young (31744K), 3 survivors (3072K)
 Metaspace       used 84671K, committed 85440K, reserved 1179648K
  class space    used 11460K, committed 11840K, reserved 1048576K
}
Event: 200.639 GC heap after
{Heap after GC invocations=32 (full 0):
 garbage-first heap   total 79872K, used 42064K [0x00000000a2200000, 0x0000000100000000)
  region size 1024K, 3 young (3072K), 3 survivors (3072K)
 Metaspace       used 84671K, committed 85440K, reserved 1179648K
  class space    used 11460K, committed 11840K, reserved 1048576K
}
Event: 345.839 GC heap before
{Heap before GC invocations=33 (full 0):
 garbage-first heap   total 79872K, used 70736K [0x00000000a2200000, 0x0000000100000000)
  region size 1024K, 31 young (31744K), 3 survivors (3072K)
 Metaspace       used 86109K, committed 86912K, reserved 1179648K
  class space    used 11658K, committed 12032K, reserved 1048576K
}
Event: 346.848 GC heap after
{Heap after GC invocations=34 (full 0):
 garbage-first heap   total 79872K, used 42656K [0x00000000a2200000, 0x0000000100000000)
  region size 1024K, 3 young (3072K), 3 survivors (3072K)
 Metaspace       used 86109K, committed 86912K, reserved 1179648K
  class space    used 11658K, committed 12032K, reserved 1048576K
}
Event: 547.358 GC heap before
{Heap before GC invocations=34 (full 0):
 garbage-first heap   total 79872K, used 71328K [0x00000000a2200000, 0x0000000100000000)
  region size 1024K, 31 young (31744K), 3 survivors (3072K)
 Metaspace       used 86124K, committed 86976K, reserved 1179648K
  class space    used 11658K, committed 12032K, reserved 1048576K
}
Event: 547.476 GC heap after
{Heap after GC invocations=35 (full 0):
 garbage-first heap   total 79872K, used 41993K [0x00000000a2200000, 0x0000000100000000)
  region size 1024K, 1 young (1024K), 1 survivors (1024K)
 Metaspace       used 86124K, committed 86976K, reserved 1179648K
  class space    used 11658K, committed 12032K, reserved 1048576K
}
Event: 632.740 GC heap before
{Heap before GC invocations=35 (full 0):
 garbage-first heap   total 79872K, used 54281K [0x00000000a2200000, 0x0000000100000000)
  region size 1024K, 13 young (13312K), 1 survivors (1024K)
 Metaspace       used 86124K, committed 86976K, reserved 1179648K
  class space    used 11658K, committed 12032K, reserved 1048576K
}
Event: 632.787 GC heap after
{Heap after GC invocations=36 (full 0):
 garbage-first heap   total 79872K, used 41936K [0x00000000a2200000, 0x0000000100000000)
  region size 1024K, 1 young (1024K), 1 survivors (1024K)
 Metaspace       used 86124K, committed 86976K, reserved 1179648K
  class space    used 11658K, committed 12032K, reserved 1048576K
}
Event: 836.415 GC heap before
{Heap before GC invocations=37 (full 0):
 garbage-first heap   total 79872K, used 72656K [0x00000000a2200000, 0x0000000100000000)
  region size 1024K, 31 young (31744K), 1 survivors (1024K)
 Metaspace       used 86239K, committed 87040K, reserved 1179648K
  class space    used 11661K, committed 12032K, reserved 1048576K
}
Event: 836.481 GC heap after
{Heap after GC invocations=38 (full 0):
 garbage-first heap   total 79872K, used 41870K [0x00000000a2200000, 0x0000000100000000)
  region size 1024K, 1 young (1024K), 1 survivors (1024K)
 Metaspace       used 86239K, committed 87040K, reserved 1179648K
  class space    used 11661K, committed 12032K, reserved 1048576K
}
Event: 882.541 GC heap before
{Heap before GC invocations=38 (full 0):
 garbage-first heap   total 79872K, used 51086K [0x00000000a2200000, 0x0000000100000000)
  region size 1024K, 11 young (11264K), 1 survivors (1024K)
 Metaspace       used 86499K, committed 87296K, reserved 1179648K
  class space    used 11690K, committed 12032K, reserved 1048576K
}
Event: 883.219 GC heap after
{Heap after GC invocations=39 (full 1):
 garbage-first heap   total 79872K, used 35604K [0x00000000a2200000, 0x0000000100000000)
  region size 1024K, 0 young (0K), 0 survivors (0K)
 Metaspace       used 86499K, committed 87296K, reserved 1179648K
  class space    used 11690K, committed 12032K, reserved 1048576K
}
Event: 901.341 GC heap before
{Heap before GC invocations=39 (full 1):
 garbage-first heap   total 79872K, used 71444K [0x00000000a2200000, 0x0000000100000000)
  region size 1024K, 36 young (36864K), 0 survivors (0K)
 Metaspace       used 87040K, committed 87808K, reserved 1179648K
  class space    used 11729K, committed 12096K, reserved 1048576K
}
Event: 901.354 GC heap after
{Heap after GC invocations=40 (full 1):
 garbage-first heap   total 79872K, used 37262K [0x00000000a2200000, 0x0000000100000000)
  region size 1024K, 2 young (2048K), 2 survivors (2048K)
 Metaspace       used 87040K, committed 87808K, reserved 1179648K
  class space    used 11729K, committed 12096K, reserved 1048576K
}

